{"numTotalTestSuites":471,"numPassedTestSuites":471,"numFailedTestSuites":0,"numPendingTestSuites":0,"numTotalTests":1371,"numPassedTests":1371,"numFailedTests":0,"numPendingTests":0,"numTodoTests":0,"snapshot":{"added":0,"failure":false,"filesAdded":0,"filesRemoved":0,"filesRemovedList":[],"filesUnmatched":0,"filesUpdated":0,"matched":0,"total":0,"unchecked":0,"uncheckedKeysByFile":[],"unmatched":0,"updated":0,"didUpdate":false},"startTime":1786530390867,"success":true,"testResults":[{"assertionResults":[{"ancestorTitles":["product proxy"],"fullName":"product proxy allows public API /api/auth/otp/request without a session","status":"passed","title":"allows public API /api/auth/otp/request without a session","duration":163.637919,"failureMessages":[],"meta":{},"tags":[]},{"ancestorTitles":["product proxy"],"fullName":"product proxy allows public API /api/branding without a session","status":"passed","title":"allows public API /api/branding without a session","duration":2.27297400000009,"failureMessages":[],"meta":{},"tags":[]},{"ancestorTitles":["product proxy"],"fullName":"product proxy allows public API /api/health without a session","status":"passed","title":"allows public API /api/health without a session","duration":1.6213220000000774,"failureMessages":[],"meta":{},"tags":[]},{"ancestorTitles":["product proxy"],"fullName":"product proxy allows public API /api/share/public-token without a session","status":"passed","title":"allows public API /api/share/public-token without a session","duration":1.396839,"failureMessages":[],"meta":{},"tags":[]},{"ancestorTitles":["product proxy"],"fullName":"product proxy allows public API /api/webhooks/stripe without a session","status":"passed","title":"allows public API /api/webhooks/stripe without a session","duration":1.355417999999986,"failureMessages":[],"meta":{},"tags":[]},{"ancestorTitles":["product proxy"],"fullName":"product proxy allows public API /api/internal/monitoring/check without a session","status":"passed","title":"allows public API /api/internal/monitoring/check without a session","duration":1.0617990000000646,"failureMessages":[],"meta":{},"tags":[]},{"ancestorTitles":["product proxy"],"fullName":"product proxy rejects private API /api/resume without a session","status":"passed","title":"rejects private API /api/resume without a session","duration":6.903053,"failureMessages":[],"meta":{},"tags":[]},{"ancestorTitles":["product proxy"],"fullName":"product proxy rejects private API /api/ai/chat without a session","status":"passed","title":"rejects private API /api/ai/chat without a session","duration":1.8666349999999738,"failureMessages":[],"meta":{},"tags":[]},{"ancestorTitles":["product proxy"],"fullName":"product proxy rejects private API /api/user without a session","status":"passed","title":"rejects private API /api/user without a session","duration":2.3849950000000035,"failureMessages":[],"meta":{},"tags":[]},{"ancestorTitles":["product proxy"],"fullName":"product proxy does not accept a fingerprint header in product mode","status":"passed","title":"does not accept a fingerprint header in product mode","duration":1.6549170000000686,"failureMessages":[],"meta":{},"tags":[]},{"ancestorTitles":["product proxy"],"fullName":"product proxy allows a private API with either Auth.js session cookie name","status":"passed","title":"allows a private API with either Auth.js session cookie name","duration":1.648003000000017,"failureMessages":[],"meta":{},"tags":[]},{"ancestorTitles":["product proxy"],"fullName":"product proxy allows public page /zh","status":"passed","title":"allows public page /zh","duration":1.0748609999999417,"failureMessages":[],"meta":{},"tags":[]},{"ancestorTitles":["product proxy"],"fullName":"product proxy allows public page /zh/login","status":"passed","title":"allows public page /zh/login","duration":0.776157000000012,"failureMessages":[],"meta":{},"tags":[]},{"ancestorTitles":["product proxy"],"fullName":"product proxy allows public page /en/privacy","status":"passed","title":"allows public page /en/privacy","duration":0.6971909999999752,"failureMessages":[],"meta":{},"tags":[]},{"ancestorTitles":["product proxy"],"fullName":"product proxy allows public page /zh/terms","status":"passed","title":"allows public page /zh/terms","duration":0.671613000000093,"failureMessages":[],"meta":{},"tags":[]},{"ancestorTitles":["product proxy"],"fullName":"product proxy redirects /zh/dashboard to localized login with the full callback URL","status":"passed","title":"redirects /zh/dashboard to localized login with the full callback URL","duration":1.2755819999999858,"failureMessages":[],"meta":{},"tags":[]},{"ancestorTitles":["product proxy"],"fullName":"product proxy adds the default locale to an unprefixed private callback","status":"passed","title":"adds the default locale to an unprefixed private callback","duration":0.8960899999999583,"failureMessages":[],"meta":{},"tags":[]},{"ancestorTitles":["product proxy"],"fullName":"product proxy routes a new account to localized onboarding before private pages and APIs","status":"passed","title":"routes a new account to localized onboarding before private pages and APIs","duration":1.6434110000000146,"failureMessages":[],"meta":{},"tags":[]},{"ancestorTitles":["product proxy"],"fullName":"product proxy allows onboarding users to read legal page /zh/terms","status":"passed","title":"allows onboarding users to read legal page /zh/terms","duration":0.9071789999999282,"failureMessages":[],"meta":{},"tags":[]},{"ancestorTitles":["product proxy"],"fullName":"product proxy allows onboarding users to read legal page /en/privacy","status":"passed","title":"allows onboarding users to read legal page /en/privacy","duration":0.9167179999999462,"failureMessages":[],"meta":{},"tags":[]},{"ancestorTitles":["product proxy"],"fullName":"product proxy protects /zh/account and preserves locale in /zh/login","status":"passed","title":"protects /zh/account and preserves locale in /zh/login","duration":1.1242809999999963,"failureMessages":[],"meta":{},"tags":[]},{"ancestorTitles":["product proxy"],"fullName":"product proxy protects /en/career/jobs?level=entry and preserves locale in /en/login","status":"passed","title":"protects /en/career/jobs?level=entry and preserves locale in /en/login","duration":1.1492490000000544,"failureMessages":[],"meta":{},"tags":[]},{"ancestorTitles":["product proxy"],"fullName":"product proxy protects /zh/teacher/students and preserves locale in /zh/login","status":"passed","title":"protects /zh/teacher/students and preserves locale in /zh/login","duration":1.0010070000000724,"failureMessages":[],"meta":{},"tags":[]},{"ancestorTitles":["product proxy"],"fullName":"product proxy protects /en/editor/resume-1 and preserves locale in /en/login","status":"passed","title":"protects /en/editor/resume-1 and preserves locale in /en/login","duration":1.0600600000000213,"failureMessages":[],"meta":{},"tags":[]},{"ancestorTitles":["demo proxy"],"fullName":"demo proxy accepts only a fixed demo identity cookie when demo mode is explicit","status":"passed","title":"accepts only a fixed demo identity cookie when demo mode is explicit","duration":1.2078450000000203,"failureMessages":[],"meta":{},"tags":[]},{"ancestorTitles":["demo proxy"],"fullName":"demo proxy keeps the independent demo entry public for page-level mode gating","status":"passed","title":"keeps the independent demo entry public for page-level mode gating","duration":0.8994020000000091,"failureMessages":[],"meta":{},"tags":[]},{"ancestorTitles":["proxy matcher"],"fullName":"proxy matcher uses the Next.js 16 proxy file convention and excludes static assets","status":"passed","title":"uses the Next.js 16 proxy file convention and excludes static assets","duration":1.5077979999999798,"failureMessages":[],"meta":{},"tags":[]}],"startTime":1786530391533,"endTime":1786530391736.5078,"status":"passed","message":"","name":"/home/aidenwu/Documents/careerpilot/src/proxy.test.ts"},{"assertionResults":[{"ancestorTitles":["organization branding"],"fullName":"organization branding normalizes stored JSON and safe values","status":"passed","title":"normalizes stored JSON and safe values","duration":2.3163079999999923,"failureMessages":[],"meta":{},"tags":[]},{"ancestorTitles":["organization branding"],"fullName":"organization branding rejects unsafe logo protocols and invalid colors","status":"passed","title":"rejects unsafe logo protocols and invalid colors","duration":0.6955429999999865,"failureMessages":[],"meta":{},"tags":[]},{"ancestorTitles":["organization branding"],"fullName":"organization branding accepts relative logos and empty optional fields","status":"passed","title":"accepts relative logos and empty optional fields","duration":0.9698659999999677,"failureMessages":[],"meta":{},"tags":[]},{"ancestorTitles":["organization branding"],"fullName":"organization branding uses the correct representation for each database adapter","status":"passed","title":"uses the correct representation for each database adapter","duration":0.5003540000000157,"failureMessages":[],"meta":{},"tags":[]}],"startTime":1786530394056,"endTime":1786530394060.5002,"status":"passed","message":"","name":"/home/aidenwu/Documents/careerpilot/src/lib/branding.test.ts"},{"assertionResults":[{"ancestorTitles":["validateEnv"],"fullName":"validateEnv passes in development with default (unsafe) values","status":"passed","title":"passes in development with default (unsafe) values","duration":2.28574500000002,"failureMessages":[],"meta":{},"tags":[]},{"ancestorTitles":["validateEnv"],"fullName":"validateEnv passes in development with SQLite and explicit demo mode","status":"passed","title":"passes in development with SQLite and explicit demo mode","duration":0.35192999999998165,"failureMessages":[],"meta":{},"tags":[]},{"ancestorTitles":["validateEnv"],"fullName":"validateEnv passes in production with all safe values","status":"passed","title":"passes in production with all safe values","duration":1.0840200000000095,"failureMessages":[],"meta":{},"tags":[]},{"ancestorTitles":["validateEnv"],"fullName":"validateEnv requires Stripe, OTLP, and on-call configuration when commercial systems are enabled","status":"passed","title":"requires Stripe, OTLP, and on-call configuration when commercial systems are enabled","duration":0.8154559999999833,"failureMessages":[],"meta":{},"tags":[]},{"ancestorTitles":["validateEnv"],"fullName":"validateEnv fails in production when demo mode is enabled","status":"passed","title":"fails in production when demo mode is enabled","duration":0.39048400000001493,"failureMessages":[],"meta":{},"tags":[]},{"ancestorTitles":["validateEnv"],"fullName":"validateEnv uses product mode by default when DEMO_MODE is missing","status":"passed","title":"uses product mode by default when DEMO_MODE is missing","duration":0.3148249999999848,"failureMessages":[],"meta":{},"tags":[]},{"ancestorTitles":["validateEnv"],"fullName":"validateEnv fails in production when DB_TYPE is sqlite","status":"passed","title":"fails in production when DB_TYPE is sqlite","duration":0.257663999999977,"failureMessages":[],"meta":{},"tags":[]},{"ancestorTitles":["validateEnv"],"fullName":"validateEnv fails in production when DB_TYPE is missing (defaults to sqlite)","status":"passed","title":"fails in production when DB_TYPE is missing (defaults to sqlite)","duration":0.32205799999997,"failureMessages":[],"meta":{},"tags":[]},{"ancestorTitles":["validateEnv"],"fullName":"validateEnv fails in production when DATABASE_URL is missing with postgresql","status":"passed","title":"fails in production when DATABASE_URL is missing with postgresql","duration":0.49936000000002423,"failureMessages":[],"meta":{},"tags":[]},{"ancestorTitles":["validateEnv"],"fullName":"validateEnv fails in production when AUTH_SECRET is missing","status":"passed","title":"fails in production when AUTH_SECRET is missing","duration":0.3080199999999991,"failureMessages":[],"meta":{},"tags":[]},{"ancestorTitles":["validateEnv"],"fullName":"validateEnv fails in production when AUTH_SECRET is a known placeholder","status":"passed","title":"fails in production when AUTH_SECRET is a known placeholder","duration":0.6202560000000403,"failureMessages":[],"meta":{},"tags":[]},{"ancestorTitles":["validateEnv"],"fullName":"validateEnv fails in production when AUTH_SECRET is too short (< 32 chars)","status":"passed","title":"fails in production when AUTH_SECRET is too short (< 32 chars)","duration":0.19209299999999985,"failureMessages":[],"meta":{},"tags":[]},{"ancestorTitles":["validateEnv"],"fullName":"validateEnv fails in production when AI_CREDENTIAL_MASTER_KEY is missing","status":"passed","title":"fails in production when AI_CREDENTIAL_MASTER_KEY is missing","duration":0.179458000000011,"failureMessages":[],"meta":{},"tags":[]},{"ancestorTitles":["validateEnv"],"fullName":"validateEnv fails in production when AI_CREDENTIAL_MASTER_KEY equals AUTH_SECRET","status":"passed","title":"fails in production when AI_CREDENTIAL_MASTER_KEY equals AUTH_SECRET","duration":0.21143699999998944,"failureMessages":[],"meta":{},"tags":[]},{"ancestorTitles":["validateEnv"],"fullName":"validateEnv fails in production when AI_CREDENTIAL_MASTER_KEY is too short","status":"passed","title":"fails in production when AI_CREDENTIAL_MASTER_KEY is too short","duration":0.19502500000004375,"failureMessages":[],"meta":{},"tags":[]},{"ancestorTitles":["validateEnv"],"fullName":"validateEnv reports all issues when everything is wrong in production","status":"passed","title":"reports all issues when everything is wrong in production","duration":0.8569949999999835,"failureMessages":[],"meta":{},"tags":[]},{"ancestorTitles":["validateEnv"],"fullName":"validateEnv requires SMTP delivery for product email verification in production","status":"passed","title":"requires SMTP delivery for product email verification in production","duration":0.20489400000002433,"failureMessages":[],"meta":{},"tags":[]},{"ancestorTitles":["validateEnv"],"fullName":"validateEnv requires Google OAuth credentials in production product mode","status":"passed","title":"requires Google OAuth credentials in production product mode","duration":0.19494299999996656,"failureMessages":[],"meta":{},"tags":[]}],"startTime":1786530393997,"endTime":1786530394007.1948,"status":"passed","message":"","name":"/home/aidenwu/Documents/careerpilot/src/lib/env.test.ts"},{"assertionResults":[{"ancestorTitles":["API route inventory"],"fullName":"API route inventory discovers at least 10 API routes","status":"passed","title":"discovers at least 10 API routes","duration":1.7977009999999893,"failureMessages":[],"meta":{},"tags":[]},{"ancestorTitles":["API route inventory"],"fullName":"API route inventory public whitelist only covers auth, health, and share","status":"passed","title":"public whitelist only covers auth, health, and share","duration":0.7332329999999843,"failureMessages":[],"meta":{},"tags":[]},{"ancestorTitles":["API route inventory"],"fullName":"API route inventory all non-public routes are classified as private (require auth)","status":"passed","title":"all non-public routes are classified as private (require auth)","duration":0.3253919999999937,"failureMessages":[],"meta":{},"tags":[]},{"ancestorTitles":["API route inventory"],"fullName":"API route inventory prints route classification table for review","status":"passed","title":"prints route classification table for review","duration":1.2094319999999925,"failureMessages":[],"meta":{},"tags":[]}],"startTime":1786530394025,"endTime":1786530394029.2095,"status":"passed","message":"","name":"/home/aidenwu/Documents/careerpilot/src/app/api/route-inventory.test.ts"},{"assertionResults":[{"ancestorTitles":["estimateCredits"],"fullName":"estimateCredits returns fixed price as string when > 0","status":"passed","title":"returns fixed price as string when > 0","duration":1.8817769999999996,"failureMessages":[],"meta":{},"tags":[]},{"ancestorTitles":["estimateCredits"],"fullName":"estimateCredits returns ~ for token-based pricing","status":"passed","title":"returns ~ for token-based pricing","duration":0.30700899999999365,"failureMessages":[],"meta":{},"tags":[]},{"ancestorTitles":["estimateCredits"],"fullName":"estimateCredits returns null when all pricing is zero","status":"passed","title":"returns null when all pricing is zero","duration":0.2221389999999701,"failureMessages":[],"meta":{},"tags":[]},{"ancestorTitles":["estimateCredits"],"fullName":"estimateCredits returns fixed price for image models with fixed pricing","status":"passed","title":"returns fixed price for image models with fixed pricing","duration":0.21155499999997573,"failureMessages":[],"meta":{},"tags":[]},{"ancestorTitles":["ModelSelector data logic"],"fullName":"ModelSelector data logic text models can be separated from image models","status":"passed","title":"text models can be separated from image models","duration":1.8265630000000215,"failureMessages":[],"meta":{},"tags":[]},{"ancestorTitles":["ModelSelector data logic"],"fullName":"ModelSelector data logic selected model can be checked against filtered list","status":"passed","title":"selected model can be checked against filtered list","duration":0.5048989999999662,"failureMessages":[],"meta":{},"tags":[]},{"ancestorTitles":["ModelSelector data logic"],"fullName":"ModelSelector data logic estimateCredits still works after fetch failure","status":"passed","title":"estimateCredits still works after fetch failure","duration":0.3310559999999896,"failureMessages":[],"meta":{},"tags":[]},{"ancestorTitles":["ModelSelector data logic"],"fullName":"ModelSelector data logic catalog model shape includes display fields for selector","status":"passed","title":"catalog model shape includes display fields for selector","duration":0.6529269999999769,"failureMessages":[],"meta":{},"tags":[]},{"ancestorTitles":["ModelSelector data logic"],"fullName":"ModelSelector data logic AC4: when selected model becomes unavailable, toast.warning fires with fallback display name","status":"passed","title":"AC4: when selected model becomes unavailable, toast.warning fires with fallback display name","duration":1.9359160000000202,"failureMessages":[],"meta":{},"tags":[]},{"ancestorTitles":["ModelSelector data logic"],"fullName":"ModelSelector data logic AC4: no toast fires when the selected model remains available","status":"passed","title":"AC4: no toast fires when the selected model remains available","duration":0.45324899999997115,"failureMessages":[],"meta":{},"tags":[]}],"startTime":1786530394164,"endTime":1786530394173.4534,"status":"passed","message":"","name":"/home/aidenwu/Documents/careerpilot/src/components/ai/model-selector.test.ts"},{"assertionResults":[{"ancestorTitles":["GenerationButtonContent"],"fullName":"GenerationButtonContent keeps both icon nodes mounted across generation state changes","status":"passed","title":"keeps both icon nodes mounted across generation state changes","duration":19.88612999999998,"failureMessages":[],"meta":{},"tags":[]}],"startTime":1786530394110,"endTime":1786530394129.8862,"status":"passed","message":"","name":"/home/aidenwu/Documents/careerpilot/src/components/linkedin-photo/generation-button-content.test.tsx"},{"assertionResults":[{"ancestorTitles":["issueDeletionToken / verifyDeletionToken"],"fullName":"issueDeletionToken / verifyDeletionToken issues a token that verifies for the same userId","status":"passed","title":"issues a token that verifies for the same userId","duration":5.377757999999972,"failureMessages":[],"meta":{},"tags":[]},{"ancestorTitles":["issueDeletionToken / verifyDeletionToken"],"fullName":"issueDeletionToken / verifyDeletionToken rejects a token for a different userId","status":"passed","title":"rejects a token for a different userId","duration":1.933351000000016,"failureMessages":[],"meta":{},"tags":[]},{"ancestorTitles":["issueDeletionToken / verifyDeletionToken"],"fullName":"issueDeletionToken / verifyDeletionToken rejects an expired token","status":"passed","title":"rejects an expired token","duration":1.6002539999999499,"failureMessages":[],"meta":{},"tags":[]},{"ancestorTitles":["issueDeletionToken / verifyDeletionToken"],"fullName":"issueDeletionToken / verifyDeletionToken rejects a tampered token","status":"passed","title":"rejects a tampered token","duration":1.907938999999942,"failureMessages":[],"meta":{},"tags":[]},{"ancestorTitles":["issueDeletionToken / verifyDeletionToken"],"fullName":"issueDeletionToken / verifyDeletionToken rejects garbage input","status":"passed","title":"rejects garbage input","duration":1.5117970000000014,"failureMessages":[],"meta":{},"tags":[]},{"ancestorTitles":["verifyOtpForReauth"],"fullName":"verifyOtpForReauth verifies a valid OTP code","status":"passed","title":"verifies a valid OTP code","duration":4.909844000000021,"failureMessages":[],"meta":{},"tags":[]},{"ancestorTitles":["verifyOtpForReauth"],"fullName":"verifyOtpForReauth rejects an invalid code","status":"passed","title":"rejects an invalid code","duration":2.3149669999999105,"failureMessages":[],"meta":{},"tags":[]},{"ancestorTitles":["verifyOtpForReauth"],"fullName":"verifyOtpForReauth marks the code as used after verification","status":"passed","title":"marks the code as used after verification","duration":2.7725050000000238,"failureMessages":[],"meta":{},"tags":[]},{"ancestorTitles":["initiateAccountDeletion"],"fullName":"initiateAccountDeletion returns a token on valid OTP","status":"passed","title":"returns a token on valid OTP","duration":6.361070999999924,"failureMessages":[],"meta":{},"tags":[]},{"ancestorTitles":["initiateAccountDeletion"],"fullName":"initiateAccountDeletion returns error on invalid OTP","status":"passed","title":"returns error on invalid OTP","duration":2.646176999999966,"failureMessages":[],"meta":{},"tags":[]},{"ancestorTitles":["initiateAccountDeletion"],"fullName":"initiateAccountDeletion returns error when email is null","status":"passed","title":"returns error when email is null","duration":2.2844010000000026,"failureMessages":[],"meta":{},"tags":[]},{"ancestorTitles":["deleteUserData"],"fullName":"deleteUserData deletes resumes and cascaded children","status":"passed","title":"deletes resumes and cascaded children","duration":4.77406899999994,"failureMessages":[],"meta":{},"tags":[]},{"ancestorTitles":["deleteUserData"],"fullName":"deleteUserData deletes interview sessions","status":"passed","title":"deletes interview sessions","duration":3.5176020000000108,"failureMessages":[],"meta":{},"tags":[]},{"ancestorTitles":["deleteUserData"],"fullName":"deleteUserData deletes auth accounts","status":"passed","title":"deletes auth accounts","duration":3.0976340000000846,"failureMessages":[],"meta":{},"tags":[]},{"ancestorTitles":["deleteUserData"],"fullName":"deleteUserData soft-removes active organization memberships","status":"passed","title":"soft-removes active organization memberships","duration":3.1368760000000293,"failureMessages":[],"meta":{},"tags":[]},{"ancestorTitles":["deleteUserData"],"fullName":"deleteUserData freezes personal credit accounts","status":"passed","title":"freezes personal credit accounts","duration":3.0235049999998864,"failureMessages":[],"meta":{},"tags":[]},{"ancestorTitles":["deleteUserData"],"fullName":"deleteUserData anonymizes user PII and sets status to deleted","status":"passed","title":"anonymizes user PII and sets status to deleted","duration":3.068527000000131,"failureMessages":[],"meta":{},"tags":[]},{"ancestorTitles":["deleteUserData"],"fullName":"deleteUserData deletes private career data and both directions of teacher-linked records","status":"passed","title":"deletes private career data and both directions of teacher-linked records","duration":8.985983000000033,"failureMessages":[],"meta":{},"tags":[]},{"ancestorTitles":["deleteUserData"],"fullName":"deleteUserData is idempotent — calling twice does not error","status":"passed","title":"is idempotent — calling twice does not error","duration":4.954122999999981,"failureMessages":[],"meta":{},"tags":[]},{"ancestorTitles":["confirmAccountDeletion"],"fullName":"confirmAccountDeletion rejects without a valid token","status":"passed","title":"rejects without a valid token","duration":1.6127039999998942,"failureMessages":[],"meta":{},"tags":[]},{"ancestorTitles":["confirmAccountDeletion"],"fullName":"confirmAccountDeletion deletes account with valid token","status":"passed","title":"deletes account with valid token","duration":4.13063000000011,"failureMessages":[],"meta":{},"tags":[]},{"ancestorTitles":["confirmAccountDeletion"],"fullName":"confirmAccountDeletion records an audit event","status":"passed","title":"records an audit event","duration":9.87235899999996,"failureMessages":[],"meta":{},"tags":[]},{"ancestorTitles":["confirmAccountDeletion"],"fullName":"confirmAccountDeletion returns success for already-deleted user (idempotent)","status":"passed","title":"returns success for already-deleted user (idempotent)","duration":3.1613210000000436,"failureMessages":[],"meta":{},"tags":[]},{"ancestorTitles":["confirmAccountDeletion"],"fullName":"confirmAccountDeletion returns error for non-existent user","status":"passed","title":"returns error for non-existent user","duration":1.9510689999999613,"failureMessages":[],"meta":{},"tags":[]}],"startTime":1786530392000,"endTime":1786530392089.9512,"status":"passed","message":"","name":"/home/aidenwu/Documents/careerpilot/src/lib/account/account-deletion.test.ts"},{"assertionResults":[{"ancestorTitles":["operations dashboard aggregation"],"fullName":"operations dashboard aggregation computes reliability, net consumption, rankings, cost and alerts","status":"passed","title":"computes reliability, net consumption, rankings, cost and alerts","duration":2.201999999999998,"failureMessages":[],"meta":{},"tags":[]}],"startTime":1786530394531,"endTime":1786530394533.202,"status":"passed","message":"","name":"/home/aidenwu/Documents/careerpilot/src/lib/admin/operations-dashboard.test.ts"},{"assertionResults":[{"ancestorTitles":["US-024 AC2: Sanitization — rejects sensitive content","sanitizeSummary"],"fullName":"US-024 AC2: Sanitization — rejects sensitive content sanitizeSummary passes through clean summaries","status":"passed","title":"passes through clean summaries","duration":2.4111310000000685,"failureMessages":[],"meta":{},"tags":[]},{"ancestorTitles":["US-024 AC2: Sanitization — rejects sensitive content","sanitizeSummary"],"fullName":"US-024 AC2: Sanitization — rejects sensitive content sanitizeSummary redacts OpenAI API keys","status":"passed","title":"redacts OpenAI API keys","duration":0.394123000000036,"failureMessages":[],"meta":{},"tags":[]},{"ancestorTitles":["US-024 AC2: Sanitization — rejects sensitive content","sanitizeSummary"],"fullName":"US-024 AC2: Sanitization — rejects sensitive content sanitizeSummary redacts Anthropic API keys","status":"passed","title":"redacts Anthropic API keys","duration":0.2694420000000264,"failureMessages":[],"meta":{},"tags":[]},{"ancestorTitles":["US-024 AC2: Sanitization — rejects sensitive content","sanitizeSummary"],"fullName":"US-024 AC2: Sanitization — rejects sensitive content sanitizeSummary redacts Google API keys","status":"passed","title":"redacts Google API keys","duration":0.2614929999999731,"failureMessages":[],"meta":{},"tags":[]},{"ancestorTitles":["US-024 AC2: Sanitization — rejects sensitive content","sanitizeSummary"],"fullName":"US-024 AC2: Sanitization — rejects sensitive content sanitizeSummary redacts Authorization: Bearer headers","status":"passed","title":"redacts Authorization: Bearer headers","duration":0.17937800000004245,"failureMessages":[],"meta":{},"tags":[]},{"ancestorTitles":["US-024 AC2: Sanitization — rejects sensitive content","sanitizeSummary"],"fullName":"US-024 AC2: Sanitization — rejects sensitive content sanitizeSummary redacts x-api-key headers","status":"passed","title":"redacts x-api-key headers","duration":0.15468600000008337,"failureMessages":[],"meta":{},"tags":[]},{"ancestorTitles":["US-024 AC2: Sanitization — rejects sensitive content","sanitizeSummary"],"fullName":"US-024 AC2: Sanitization — rejects sensitive content sanitizeSummary redacts JWT tokens","status":"passed","title":"redacts JWT tokens","duration":0.2287619999999606,"failureMessages":[],"meta":{},"tags":[]},{"ancestorTitles":["US-024 AC2: Sanitization — rejects sensitive content","sanitizeSummary"],"fullName":"US-024 AC2: Sanitization — rejects sensitive content sanitizeSummary redacts multi-line content resembling resume text","status":"passed","title":"redacts multi-line content resembling resume text","duration":0.2484830000000784,"failureMessages":[],"meta":{},"tags":[]},{"ancestorTitles":["US-024 AC2: Sanitization — rejects sensitive content","sanitizeSummary"],"fullName":"US-024 AC2: Sanitization — rejects sensitive content sanitizeSummary redacts multi-line content resembling full prompts","status":"passed","title":"redacts multi-line content resembling full prompts","duration":0.3908089999999902,"failureMessages":[],"meta":{},"tags":[]},{"ancestorTitles":["US-024 AC2: Sanitization — rejects sensitive content","sanitizeSummary"],"fullName":"US-024 AC2: Sanitization — rejects sensitive content sanitizeSummary allows short multi-line content (2 lines or less)","status":"passed","title":"allows short multi-line content (2 lines or less)","duration":0.19750900000008187,"failureMessages":[],"meta":{},"tags":[]},{"ancestorTitles":["US-024 AC2: Sanitization — rejects sensitive content","sanitizeSummary"],"fullName":"US-024 AC2: Sanitization — rejects sensitive content sanitizeSummary truncates very long clean summaries","status":"passed","title":"truncates very long clean summaries","duration":0.20551099999988764,"failureMessages":[],"meta":{},"tags":[]},{"ancestorTitles":["US-024 AC2: Sanitization — rejects sensitive content","detectSensitiveContent"],"fullName":"US-024 AC2: Sanitization — rejects sensitive content detectSensitiveContent returns null for clean content","status":"passed","title":"returns null for clean content","duration":0.18884300000013354,"failureMessages":[],"meta":{},"tags":[]},{"ancestorTitles":["US-024 AC2: Sanitization — rejects sensitive content","detectSensitiveContent"],"fullName":"US-024 AC2: Sanitization — rejects sensitive content detectSensitiveContent returns label for API keys","status":"passed","title":"returns label for API keys","duration":0.10275400000000445,"failureMessages":[],"meta":{},"tags":[]},{"ancestorTitles":["US-024 AC2: Sanitization — rejects sensitive content","detectSensitiveContent"],"fullName":"US-024 AC2: Sanitization — rejects sensitive content detectSensitiveContent returns label for multi-line document text","status":"passed","title":"returns label for multi-line document text","duration":0.12335299999995186,"failureMessages":[],"meta":{},"tags":[]},{"ancestorTitles":["US-024 AC1: recordAuditEvent records all fields"],"fullName":"US-024 AC1: recordAuditEvent records all fields records a complete success event with all fields","status":"passed","title":"records a complete success event with all fields","duration":6.272955999999795,"failureMessages":[],"meta":{},"tags":[]},{"ancestorTitles":["US-024 AC1: recordAuditEvent records all fields"],"fullName":"US-024 AC1: recordAuditEvent records all fields records a failure event","status":"passed","title":"records a failure event","duration":1.545961000000034,"failureMessages":[],"meta":{},"tags":[]},{"ancestorTitles":["US-024 AC1: recordAuditEvent records all fields"],"fullName":"US-024 AC1: recordAuditEvent records all fields records a system-initiated event with null actorId","status":"passed","title":"records a system-initiated event with null actorId","duration":0.9553100000000541,"failureMessages":[],"meta":{},"tags":[]},{"ancestorTitles":["US-024 AC1: recordAuditEvent records all fields"],"fullName":"US-024 AC1: recordAuditEvent records all fields records event with null targetId for system-wide actions","status":"passed","title":"records event with null targetId for system-wide actions","duration":0.7316339999999855,"failureMessages":[],"meta":{},"tags":[]},{"ancestorTitles":["US-024 AC2: Service sanitizes summaries before storage"],"fullName":"US-024 AC2: Service sanitizes summaries before storage stores redacted summary when input contains API key","status":"passed","title":"stores redacted summary when input contains API key","duration":0.8311040000000958,"failureMessages":[],"meta":{},"tags":[]},{"ancestorTitles":["US-024 AC2: Service sanitizes summaries before storage"],"fullName":"US-024 AC2: Service sanitizes summaries before storage stores redacted summary when input contains Authorization header","status":"passed","title":"stores redacted summary when input contains Authorization header","duration":0.7315830000000005,"failureMessages":[],"meta":{},"tags":[]},{"ancestorTitles":["US-024 AC2: Service sanitizes summaries before storage"],"fullName":"US-024 AC2: Service sanitizes summaries before storage stores redacted summary when input contains resume text","status":"passed","title":"stores redacted summary when input contains resume text","duration":0.9198930000000018,"failureMessages":[],"meta":{},"tags":[]},{"ancestorTitles":["US-024 AC3: Idempotent success events are not duplicated"],"fullName":"US-024 AC3: Idempotent success events are not duplicated skips duplicate success event with same idempotency signature","status":"passed","title":"skips duplicate success event with same idempotency signature","duration":1.6494940000000042,"failureMessages":[],"meta":{},"tags":[]},{"ancestorTitles":["US-024 AC3: Idempotent success events are not duplicated"],"fullName":"US-024 AC3: Idempotent success events are not duplicated allows failure events with same idempotency signature","status":"passed","title":"allows failure events with same idempotency signature","duration":0.9928130000000692,"failureMessages":[],"meta":{},"tags":[]},{"ancestorTitles":["US-024 AC3: Idempotent success events are not duplicated"],"fullName":"US-024 AC3: Idempotent success events are not duplicated does not deduplicate when idempotent flag is false","status":"passed","title":"does not deduplicate when idempotent flag is false","duration":0.8347799999999097,"failureMessages":[],"meta":{},"tags":[]},{"ancestorTitles":["US-024 AC3: Idempotent success events are not duplicated"],"fullName":"US-024 AC3: Idempotent success events are not duplicated does not deduplicate across different targets with same requestId","status":"passed","title":"does not deduplicate across different targets with same requestId","duration":0.7831330000001344,"failureMessages":[],"meta":{},"tags":[]},{"ancestorTitles":["US-024 AC4: Audit events cannot be modified or deleted"],"fullName":"US-024 AC4: Audit events cannot be modified or deleted rejects UPDATE on audit_events via service (no update method exists)","status":"passed","title":"rejects UPDATE on audit_events via service (no update method exists)","duration":0.1980500000001939,"failureMessages":[],"meta":{},"tags":[]},{"ancestorTitles":["US-024 AC4: Audit events cannot be modified or deleted"],"fullName":"US-024 AC4: Audit events cannot be modified or deleted rejects direct UPDATE on audit_events table (DB trigger)","status":"passed","title":"rejects direct UPDATE on audit_events table (DB trigger)","duration":1.999163999999837,"failureMessages":[],"meta":{},"tags":[]},{"ancestorTitles":["US-024 AC4: Audit events cannot be modified or deleted"],"fullName":"US-024 AC4: Audit events cannot be modified or deleted rejects direct DELETE on audit_events table (DB trigger)","status":"passed","title":"rejects direct DELETE on audit_events table (DB trigger)","duration":0.8173899999999321,"failureMessages":[],"meta":{},"tags":[]},{"ancestorTitles":["US-024 AC5: Events queryable by actor, target, and time"],"fullName":"US-024 AC5: Events queryable by actor, target, and time queries events by actorId","status":"passed","title":"queries events by actorId","duration":1.2263680000000932,"failureMessages":[],"meta":{},"tags":[]},{"ancestorTitles":["US-024 AC5: Events queryable by actor, target, and time"],"fullName":"US-024 AC5: Events queryable by actor, target, and time queries events by targetType and targetId","status":"passed","title":"queries events by targetType and targetId","duration":0.654421000000184,"failureMessages":[],"meta":{},"tags":[]},{"ancestorTitles":["US-024 AC5: Events queryable by actor, target, and time"],"fullName":"US-024 AC5: Events queryable by actor, target, and time queries events by time range","status":"passed","title":"queries events by time range","duration":0.7429729999998926,"failureMessages":[],"meta":{},"tags":[]},{"ancestorTitles":["US-024 AC5: Events queryable by actor, target, and time"],"fullName":"US-024 AC5: Events queryable by actor, target, and time queries both success and failure events by default","status":"passed","title":"queries both success and failure events by default","duration":1.2470730000000003,"failureMessages":[],"meta":{},"tags":[]},{"ancestorTitles":["US-024 AC5: Events queryable by actor, target, and time"],"fullName":"US-024 AC5: Events queryable by actor, target, and time returns events ordered by createdAt descending (newest first)","status":"passed","title":"returns events ordered by createdAt descending (newest first)","duration":1102.2371210000001,"failureMessages":[],"meta":{},"tags":[]},{"ancestorTitles":["US-024 AC5: Events queryable by actor, target, and time"],"fullName":"US-024 AC5: Events queryable by actor, target, and time respects limit option","status":"passed","title":"respects limit option","duration":1.5677889999997205,"failureMessages":[],"meta":{},"tags":[]},{"ancestorTitles":["US-024 AC5: Events queryable by actor, target, and time"],"fullName":"US-024 AC5: Events queryable by actor, target, and time countAuditEvents returns correct count","status":"passed","title":"countAuditEvents returns correct count","duration":4.383792000000085,"failureMessages":[],"meta":{},"tags":[]},{"ancestorTitles":["US-024 AC5: Events queryable by actor, target, and time"],"fullName":"US-024 AC5: Events queryable by actor, target, and time queries events by tenantId","status":"passed","title":"queries events by tenantId","duration":0.9169049999995877,"failureMessages":[],"meta":{},"tags":[]},{"ancestorTitles":["US-024 AC5: Events queryable by actor, target, and time"],"fullName":"US-024 AC5: Events queryable by actor, target, and time queries events by requestId","status":"passed","title":"queries events by requestId","duration":4.039185000000089,"failureMessages":[],"meta":{},"tags":[]}],"startTime":1786530392013,"endTime":1786530393156.0393,"status":"passed","message":"","name":"/home/aidenwu/Documents/careerpilot/src/lib/audit/audit-service.test.ts"},{"assertionResults":[{"ancestorTitles":["PostgreSQL auth identity creation"],"fullName":"PostgreSQL auth identity creation creates the user and auth account in a PostgreSQL async transaction","status":"passed","title":"creates the user and auth account in a PostgreSQL async transaction","duration":8.673472000000402,"failureMessages":[],"meta":{},"tags":[]},{"ancestorTitles":["PostgreSQL auth identity creation"],"fullName":"PostgreSQL auth identity creation rolls back the user when the auth account insert conflicts","status":"passed","title":"rolls back the user when the auth account insert conflicts","duration":11.24185099999977,"failureMessages":[],"meta":{},"tags":[]}],"startTime":1786530394548,"endTime":1786530394567.242,"status":"passed","message":"","name":"/home/aidenwu/Documents/careerpilot/src/lib/auth/account-creation.postgresql.test.ts"},{"assertionResults":[{"ancestorTitles":["product client identity isolation"],"fullName":"product client identity isolation never reads or sends the legacy fingerprint identity from client data flows","status":"passed","title":"never reads or sends the legacy fingerprint identity from client data flows","duration":19.490587000000005,"failureMessages":[],"meta":{},"tags":[]}],"startTime":1786530393856,"endTime":1786530393875.4905,"status":"passed","message":"","name":"/home/aidenwu/Documents/careerpilot/src/lib/auth/client-identity-isolation.test.ts"},{"assertionResults":[{"ancestorTitles":["US-015: Unified Actor, Tenant & Billing Context Resolution","AC1: Actor resolved from session with DB-loaded platformRole and status"],"fullName":"US-015: Unified Actor, Tenant & Billing Context Resolution AC1: Actor resolved from session with DB-loaded platformRole and status resolves actor with default role (user) and status (active)","status":"passed","title":"resolves actor with default role (user) and status (active)","duration":8.652207999999973,"failureMessages":[],"meta":{},"tags":[]},{"ancestorTitles":["US-015: Unified Actor, Tenant & Billing Context Resolution","AC1: Actor resolved from session with DB-loaded platformRole and status"],"fullName":"US-015: Unified Actor, Tenant & Billing Context Resolution AC1: Actor resolved from session with DB-loaded platformRole and status loads super_admin role from DB","status":"passed","title":"loads super_admin role from DB","duration":2.6797109999999975,"failureMessages":[],"meta":{},"tags":[]},{"ancestorTitles":["US-015: Unified Actor, Tenant & Billing Context Resolution","AC1: Actor resolved from session with DB-loaded platformRole and status"],"fullName":"US-015: Unified Actor, Tenant & Billing Context Resolution AC1: Actor resolved from session with DB-loaded platformRole and status loads suspended status from DB","status":"passed","title":"loads suspended status from DB","duration":2.1241380000000163,"failureMessages":[],"meta":{},"tags":[]},{"ancestorTitles":["US-015: Unified Actor, Tenant & Billing Context Resolution","AC1: Actor resolved from session with DB-loaded platformRole and status"],"fullName":"US-015: Unified Actor, Tenant & Billing Context Resolution AC1: Actor resolved from session with DB-loaded platformRole and status reflects DB changes if user role changes after initial creation","status":"passed","title":"reflects DB changes if user role changes after initial creation","duration":3.7385359999999537,"failureMessages":[],"meta":{},"tags":[]},{"ancestorTitles":["US-015: Unified Actor, Tenant & Billing Context Resolution","AC2: Org context only from valid membership"],"fullName":"US-015: Unified Actor, Tenant & Billing Context Resolution AC2: Org context only from valid membership resolves org context from DB membership, not from any client input","status":"passed","title":"resolves org context from DB membership, not from any client input","duration":3.0507460000000037,"failureMessages":[],"meta":{},"tags":[]},{"ancestorTitles":["US-015: Unified Actor, Tenant & Billing Context Resolution","AC2: Org context only from valid membership"],"fullName":"US-015: Unified Actor, Tenant & Billing Context Resolution AC2: Org context only from valid membership does not expose a way to inject client-supplied userId or orgId","status":"passed","title":"does not expose a way to inject client-supplied userId or orgId","duration":1.845988000000034,"failureMessages":[],"meta":{},"tags":[]},{"ancestorTitles":["US-015: Unified Actor, Tenant & Billing Context Resolution","AC2: Org context only from valid membership"],"fullName":"US-015: Unified Actor, Tenant & Billing Context Resolution AC2: Org context only from valid membership ignores removed memberships","status":"passed","title":"ignores removed memberships","duration":2.6892179999999826,"failureMessages":[],"meta":{},"tags":[]},{"ancestorTitles":["US-015: Unified Actor, Tenant & Billing Context Resolution","AC2: Org context only from valid membership"],"fullName":"US-015: Unified Actor, Tenant & Billing Context Resolution AC2: Org context only from valid membership ignores memberships in suspended organizations","status":"passed","title":"ignores memberships in suspended organizations","duration":2.545979999999986,"failureMessages":[],"meta":{},"tags":[]},{"ancestorTitles":["US-015: Unified Actor, Tenant & Billing Context Resolution","AC3: No org → personal; single org → org account"],"fullName":"US-015: Unified Actor, Tenant & Billing Context Resolution AC3: No org → personal; single org → org account user with no memberships resolves to personal billing","status":"passed","title":"user with no memberships resolves to personal billing","duration":2.208908000000065,"failureMessages":[],"meta":{},"tags":[]},{"ancestorTitles":["US-015: Unified Actor, Tenant & Billing Context Resolution","AC3: No org → personal; single org → org account"],"fullName":"US-015: Unified Actor, Tenant & Billing Context Resolution AC3: No org → personal; single org → org account user with one active membership resolves to org billing","status":"passed","title":"user with one active membership resolves to org billing","duration":2.595100000000002,"failureMessages":[],"meta":{},"tags":[]},{"ancestorTitles":["US-015: Unified Actor, Tenant & Billing Context Resolution","AC3: No org → personal; single org → org account"],"fullName":"US-015: Unified Actor, Tenant & Billing Context Resolution AC3: No org → personal; single org → org account org_admin role is preserved in the tenant context","status":"passed","title":"org_admin role is preserved in the tenant context","duration":2.56255299999998,"failureMessages":[],"meta":{},"tags":[]},{"ancestorTitles":["US-015: Unified Actor, Tenant & Billing Context Resolution","AC3: No org → personal; single org → org account"],"fullName":"US-015: Unified Actor, Tenant & Billing Context Resolution AC3: No org → personal; single org → org account user with multiple memberships but only one active resolves to that org","status":"passed","title":"user with multiple memberships but only one active resolves to that org","duration":3.1557160000000977,"failureMessages":[],"meta":{},"tags":[]},{"ancestorTitles":["US-015: Unified Actor, Tenant & Billing Context Resolution","AC4: Multiple active orgs → explicit error"],"fullName":"US-015: Unified Actor, Tenant & Billing Context Resolution AC4: Multiple active orgs → explicit error throws AmbiguousBillingError for two active org memberships","status":"passed","title":"throws AmbiguousBillingError for two active org memberships","duration":5.462680999999975,"failureMessages":[],"meta":{},"tags":[]},{"ancestorTitles":["US-015: Unified Actor, Tenant & Billing Context Resolution","AC4: Multiple active orgs → explicit error"],"fullName":"US-015: Unified Actor, Tenant & Billing Context Resolution AC4: Multiple active orgs → explicit error error includes the organization IDs for client-side handling","status":"passed","title":"error includes the organization IDs for client-side handling","duration":4.161964000000012,"failureMessages":[],"meta":{},"tags":[]},{"ancestorTitles":["US-015: Unified Actor, Tenant & Billing Context Resolution","AC4: Multiple active orgs → explicit error"],"fullName":"US-015: Unified Actor, Tenant & Billing Context Resolution AC4: Multiple active orgs → explicit error does NOT silently select the first membership","status":"passed","title":"does NOT silently select the first membership","duration":2.923234999999977,"failureMessages":[],"meta":{},"tags":[]},{"ancestorTitles":["US-015: Unified Actor, Tenant & Billing Context Resolution","AC4: Multiple active orgs → explicit error"],"fullName":"US-015: Unified Actor, Tenant & Billing Context Resolution AC4: Multiple active orgs → explicit error three+ active orgs also throw","status":"passed","title":"three+ active orgs also throw","duration":3.5171680000000833,"failureMessages":[],"meta":{},"tags":[]},{"ancestorTitles":["US-015: Unified Actor, Tenant & Billing Context Resolution","AC5: Context object contains no provider keys or secrets"],"fullName":"US-015: Unified Actor, Tenant & Billing Context Resolution AC5: Context object contains no provider keys or secrets context keys are strictly actor/tenant/billing — no credential fields","status":"passed","title":"context keys are strictly actor/tenant/billing — no credential fields","duration":2.202906999999982,"failureMessages":[],"meta":{},"tags":[]},{"ancestorTitles":["US-015: Unified Actor, Tenant & Billing Context Resolution","AC5: Context object contains no provider keys or secrets"],"fullName":"US-015: Unified Actor, Tenant & Billing Context Resolution AC5: Context object contains no provider keys or secrets actor object has no sensitive fields","status":"passed","title":"actor object has no sensitive fields","duration":2.051462000000015,"failureMessages":[],"meta":{},"tags":[]},{"ancestorTitles":["US-015: Unified Actor, Tenant & Billing Context Resolution","AC5: Context object contains no provider keys or secrets"],"fullName":"US-015: Unified Actor, Tenant & Billing Context Resolution AC5: Context object contains no provider keys or secrets tenant object has no sensitive fields","status":"passed","title":"tenant object has no sensitive fields","duration":8.399710999999911,"failureMessages":[],"meta":{},"tags":[]},{"ancestorTitles":["US-015: Unified Actor, Tenant & Billing Context Resolution","AC5: Context object contains no provider keys or secrets"],"fullName":"US-015: Unified Actor, Tenant & Billing Context Resolution AC5: Context object contains no provider keys or secrets billing object has no sensitive fields","status":"passed","title":"billing object has no sensitive fields","duration":1.6801920000000337,"failureMessages":[],"meta":{},"tags":[]},{"ancestorTitles":["US-015: Unified Actor, Tenant & Billing Context Resolution","AC5: Context object contains no provider keys or secrets"],"fullName":"US-015: Unified Actor, Tenant & Billing Context Resolution AC5: Context object contains no provider keys or secrets context is safe to serialize to client (no secrets anywhere in tree)","status":"passed","title":"context is safe to serialize to client (no secrets anywhere in tree)","duration":1.410176999999976,"failureMessages":[],"meta":{},"tags":[]},{"ancestorTitles":["US-015: Unified Actor, Tenant & Billing Context Resolution","Edge cases"],"fullName":"US-015: Unified Actor, Tenant & Billing Context Resolution Edge cases super_admin with no org memberships resolves to personal billing","status":"passed","title":"super_admin with no org memberships resolves to personal billing","duration":1.2681989999999814,"failureMessages":[],"meta":{},"tags":[]},{"ancestorTitles":["US-015: Unified Actor, Tenant & Billing Context Resolution","Edge cases"],"fullName":"US-015: Unified Actor, Tenant & Billing Context Resolution Edge cases super_admin with one org membership resolves to org billing","status":"passed","title":"super_admin with one org membership resolves to org billing","duration":1.7857709999999543,"failureMessages":[],"meta":{},"tags":[]},{"ancestorTitles":["US-015: Unified Actor, Tenant & Billing Context Resolution","Edge cases"],"fullName":"US-015: Unified Actor, Tenant & Billing Context Resolution Edge cases suspended user with org membership still resolves (enforcement is US-017)","status":"passed","title":"suspended user with org membership still resolves (enforcement is US-017)","duration":1.9015799999999672,"failureMessages":[],"meta":{},"tags":[]},{"ancestorTitles":["US-015: Unified Actor, Tenant & Billing Context Resolution","Edge cases"],"fullName":"US-015: Unified Actor, Tenant & Billing Context Resolution Edge cases membership in a different org (other user) does not affect resolution","status":"passed","title":"membership in a different org (other user) does not affect resolution","duration":2.1178979999999683,"failureMessages":[],"meta":{},"tags":[]}],"startTime":1786530393178,"endTime":1786530393256.118,"status":"passed","message":"","name":"/home/aidenwu/Documents/careerpilot/src/lib/auth/context.test.ts"},{"assertionResults":[{"ancestorTitles":["demo mode navigation"],"fullName":"demo mode navigation uses the seeded fingerprints for student and teacher demos","status":"passed","title":"uses the seeded fingerprints for student and teacher demos","duration":2.0424659999999903,"failureMessages":[],"meta":{},"tags":[]},{"ancestorTitles":["demo mode navigation"],"fullName":"demo mode navigation builds locale-aware destinations","status":"passed","title":"builds locale-aware destinations","duration":0.39210400000001755,"failureMessages":[],"meta":{},"tags":[]},{"ancestorTitles":["demo mode navigation"],"fullName":"demo mode navigation rejects unsafe callback URL https://attacker.example/path","status":"passed","title":"rejects unsafe callback URL https://attacker.example/path","duration":0.2044080000000008,"failureMessages":[],"meta":{},"tags":[]},{"ancestorTitles":["demo mode navigation"],"fullName":"demo mode navigation rejects unsafe callback URL //attacker.example/path","status":"passed","title":"rejects unsafe callback URL //attacker.example/path","duration":0.1643500000000131,"failureMessages":[],"meta":{},"tags":[]},{"ancestorTitles":["demo mode navigation"],"fullName":"demo mode navigation rejects unsafe callback URL /\\attacker.example/path","status":"passed","title":"rejects unsafe callback URL /\\attacker.example/path","duration":0.1450839999999971,"failureMessages":[],"meta":{},"tags":[]},{"ancestorTitles":["demo mode navigation"],"fullName":"demo mode navigation rejects unsafe callback URL dashboard","status":"passed","title":"rejects unsafe callback URL dashboard","duration":0.10474400000003925,"failureMessages":[],"meta":{},"tags":[]},{"ancestorTitles":["demo mode navigation"],"fullName":"demo mode navigation preserves a safe local callback path and query","status":"passed","title":"preserves a safe local callback path and query","duration":0.15849099999996952,"failureMessages":[],"meta":{},"tags":[]}],"startTime":1786530394127,"endTime":1786530394130.1584,"status":"passed","message":"","name":"/home/aidenwu/Documents/careerpilot/src/lib/auth/demo-mode.test.ts"},{"assertionResults":[{"ancestorTitles":["US-085 AC1+AC2: Registration → legal consent → dashboard eligibility"],"fullName":"US-085 AC1+AC2: Registration → legal consent → dashboard eligibility completes full registration flow: OTP → user → consent → session","status":"passed","title":"completes full registration flow: OTP → user → consent → session","duration":50.380492000000004,"failureMessages":[],"meta":{},"tags":[]},{"ancestorTitles":["US-085 AC1+AC2: Registration → legal consent → dashboard eligibility"],"fullName":"US-085 AC1+AC2: Registration → legal consent → dashboard eligibility AC2: new user has exactly one identity, one auth account, one registration grant","status":"passed","title":"AC2: new user has exactly one identity, one auth account, one registration grant","duration":16.916098000000034,"failureMessages":[],"meta":{},"tags":[]},{"ancestorTitles":["US-085 AC3: Session restoration after refresh"],"fullName":"US-085 AC3: Session restoration after refresh keeps different verified emails in separate stable accounts","status":"passed","title":"keeps different verified emails in separate stable accounts","duration":61.74247700000001,"failureMessages":[],"meta":{},"tags":[]},{"ancestorTitles":["US-085 AC3: Session restoration after refresh"],"fullName":"US-085 AC3: Session restoration after refresh refreshing restores same authenticated user from session token","status":"passed","title":"refreshing restores same authenticated user from session token","duration":18.574178000000074,"failureMessages":[],"meta":{},"tags":[]},{"ancestorTitles":["US-085 AC3: Session restoration after refresh"],"fullName":"US-085 AC3: Session restoration after refresh user status and role are stable after refresh","status":"passed","title":"user status and role are stable after refresh","duration":12.722854999999981,"failureMessages":[],"meta":{},"tags":[]},{"ancestorTitles":["US-085 AC4: Logout and session invalidation"],"fullName":"US-085 AC4: Logout and session invalidation logout removes session cookie; private API no longer accessible","status":"passed","title":"logout removes session cookie; private API no longer accessible","duration":11.584850000000188,"failureMessages":[],"meta":{},"tags":[]},{"ancestorTitles":["US-085 AC4: Logout and session invalidation"],"fullName":"US-085 AC4: Logout and session invalidation old session token after logout cannot resolve to protected resources","status":"passed","title":"old session token after logout cannot resolve to protected resources","duration":9.95655099999999,"failureMessages":[],"meta":{},"tags":[]},{"ancestorTitles":["US-085 AC5: Invalid and expired OTP handling"],"fullName":"US-085 AC5: Invalid and expired OTP handling invalid OTP code returns error without creating user or session","status":"passed","title":"invalid OTP code returns error without creating user or session","duration":1.5073600000000624,"failureMessages":[],"meta":{},"tags":[]},{"ancestorTitles":["US-085 AC5: Invalid and expired OTP handling"],"fullName":"US-085 AC5: Invalid and expired OTP handling expired OTP returns clear error without creating user","status":"passed","title":"expired OTP returns clear error without creating user","duration":1.8356539999999768,"failureMessages":[],"meta":{},"tags":[]},{"ancestorTitles":["US-085 AC5: Invalid and expired OTP handling"],"fullName":"US-085 AC5: Invalid and expired OTP handling used OTP cannot be replayed","status":"passed","title":"used OTP cannot be replayed","duration":5.035358999999971,"failureMessages":[],"meta":{},"tags":[]},{"ancestorTitles":["US-085 AC5: Invalid and expired OTP handling"],"fullName":"US-085 AC5: Invalid and expired OTP handling error messages do not leak whether email is registered","status":"passed","title":"error messages do not leak whether email is registered","duration":3.4859539999999924,"failureMessages":[],"meta":{},"tags":[]},{"ancestorTitles":["US-085 AC6: Forged x-fingerprint rejection in production"],"fullName":"US-085 AC6: Forged x-fingerprint rejection in production getUserIdFromRequest returns null in production with forged fingerprint","status":"passed","title":"getUserIdFromRequest returns null in production with forged fingerprint","duration":123.56593999999996,"failureMessages":[],"meta":{},"tags":[]},{"ancestorTitles":["US-085 AC6: Forged x-fingerprint rejection in production"],"fullName":"US-085 AC6: Forged x-fingerprint rejection in production resolveUser returns null in production even with forged fingerprint","status":"passed","title":"resolveUser returns null in production even with forged fingerprint","duration":12.497039000000086,"failureMessages":[],"meta":{},"tags":[]},{"ancestorTitles":["US-085 AC6: Forged x-fingerprint rejection in production"],"fullName":"US-085 AC6: Forged x-fingerprint rejection in production resolveUser in product mode does not query fingerprint users","status":"passed","title":"resolveUser in product mode does not query fingerprint users","duration":5.444267000000082,"failureMessages":[],"meta":{},"tags":[]},{"ancestorTitles":["US-085 AC6: Forged x-fingerprint rejection in production"],"fullName":"US-085 AC6: Forged x-fingerprint rejection in production development alone does not enable fingerprint authentication","status":"passed","title":"development alone does not enable fingerprint authentication","duration":9.146856999999954,"failureMessages":[],"meta":{},"tags":[]},{"ancestorTitles":["US-085: Registration grant idempotency in full flow"],"fullName":"US-085: Registration grant idempotency in full flow duplicate applyRegistrationGrant does not create second grant","status":"passed","title":"duplicate applyRegistrationGrant does not create second grant","duration":5.078055000000177,"failureMessages":[],"meta":{},"tags":[]},{"ancestorTitles":["US-085: Session token security"],"fullName":"US-085: Session token security session token contains only safe claims, no secrets","status":"passed","title":"session token contains only safe claims, no secrets","duration":9.02600799999982,"failureMessages":[],"meta":{},"tags":[]},{"ancestorTitles":["US-085: Session token security"],"fullName":"US-085: Session token security session token cannot be forged without AUTH_SECRET","status":"passed","title":"session token cannot be forged without AUTH_SECRET","duration":4.167255999999952,"failureMessages":[],"meta":{},"tags":[]}],"startTime":1786530393048,"endTime":1786530393412.1672,"status":"passed","message":"","name":"/home/aidenwu/Documents/careerpilot/src/lib/auth/e2e-auth.test.ts"},{"assertionResults":[{"ancestorTitles":["US-012: Email OTP Authentication Backend","AC1: Request endpoint validation and rate limiting"],"fullName":"US-012: Email OTP Authentication Backend AC1: Request endpoint validation and rate limiting rejects invalid email formats","status":"passed","title":"rejects invalid email formats","duration":3.716890999999805,"failureMessages":[],"meta":{},"tags":[]},{"ancestorTitles":["US-012: Email OTP Authentication Backend","AC1: Request endpoint validation and rate limiting"],"fullName":"US-012: Email OTP Authentication Backend AC1: Request endpoint validation and rate limiting accepts valid email formats","status":"passed","title":"accepts valid email formats","duration":3.437178000000131,"failureMessages":[],"meta":{},"tags":[]},{"ancestorTitles":["US-012: Email OTP Authentication Backend","AC1: Request endpoint validation and rate limiting"],"fullName":"US-012: Email OTP Authentication Backend AC1: Request endpoint validation and rate limiting rate limits by IP address (max 5 per hour)","status":"passed","title":"rate limits by IP address (max 5 per hour)","duration":2.4527160000000094,"failureMessages":[],"meta":{},"tags":[]},{"ancestorTitles":["US-012: Email OTP Authentication Backend","AC1: Request endpoint validation and rate limiting"],"fullName":"US-012: Email OTP Authentication Backend AC1: Request endpoint validation and rate limiting rate limits by email address (max 3 per hour)","status":"passed","title":"rate limits by email address (max 3 per hour)","duration":3.7986130000001594,"failureMessages":[],"meta":{},"tags":[]},{"ancestorTitles":["US-012: Email OTP Authentication Backend","AC1: Request endpoint validation and rate limiting"],"fullName":"US-012: Email OTP Authentication Backend AC1: Request endpoint validation and rate limiting does not rate limit different IPs independently","status":"passed","title":"does not rate limit different IPs independently","duration":2.0495519999999487,"failureMessages":[],"meta":{},"tags":[]},{"ancestorTitles":["US-012: Email OTP Authentication Backend","AC2: Code security — hash storage, TTL, single-use"],"fullName":"US-012: Email OTP Authentication Backend AC2: Code security — hash storage, TTL, single-use stores only SHA-256 hash, never the plaintext code","status":"passed","title":"stores only SHA-256 hash, never the plaintext code","duration":4.202256000000034,"failureMessages":[],"meta":{},"tags":[]},{"ancestorTitles":["US-012: Email OTP Authentication Backend","AC2: Code security — hash storage, TTL, single-use"],"fullName":"US-012: Email OTP Authentication Backend AC2: Code security — hash storage, TTL, single-use has an expiry time (10 minutes from creation)","status":"passed","title":"has an expiry time (10 minutes from creation)","duration":1.3982579999999416,"failureMessages":[],"meta":{},"tags":[]},{"ancestorTitles":["US-012: Email OTP Authentication Backend","AC2: Code security — hash storage, TTL, single-use"],"fullName":"US-012: Email OTP Authentication Backend AC2: Code security — hash storage, TTL, single-use enforces single-use — code cannot be verified twice","status":"passed","title":"enforces single-use — code cannot be verified twice","duration":6.564682999999832,"failureMessages":[],"meta":{},"tags":[]},{"ancestorTitles":["US-012: Email OTP Authentication Backend","AC2: Code security — hash storage, TTL, single-use"],"fullName":"US-012: Email OTP Authentication Backend AC2: Code security — hash storage, TTL, single-use records usedAt timestamp when code is consumed","status":"passed","title":"records usedAt timestamp when code is consumed","duration":4.33337500000016,"failureMessages":[],"meta":{},"tags":[]},{"ancestorTitles":["US-012: Email OTP Authentication Backend","AC2: Code security — hash storage, TTL, single-use"],"fullName":"US-012: Email OTP Authentication Backend AC2: Code security — hash storage, TTL, single-use increments failed attempt counter on wrong code","status":"passed","title":"increments failed attempt counter on wrong code","duration":4.984022000000095,"failureMessages":[],"meta":{},"tags":[]},{"ancestorTitles":["US-012: Email OTP Authentication Backend","AC2: Code security — hash storage, TTL, single-use"],"fullName":"US-012: Email OTP Authentication Backend AC2: Code security — hash storage, TTL, single-use invalidates code after 5 failed attempts","status":"passed","title":"invalidates code after 5 failed attempts","duration":4.614308999999821,"failureMessages":[],"meta":{},"tags":[]},{"ancestorTitles":["US-012: Email OTP Authentication Backend","AC3: User resolution — create new or restore existing"],"fullName":"US-012: Email OTP Authentication Backend AC3: User resolution — create new or restore existing creates a new user and auth account for a brand-new email","status":"passed","title":"creates a new user and auth account for a brand-new email","duration":4.072654000000057,"failureMessages":[],"meta":{},"tags":[]},{"ancestorTitles":["US-012: Email OTP Authentication Backend","AC3: User resolution — create new or restore existing"],"fullName":"US-012: Email OTP Authentication Backend AC3: User resolution — create new or restore existing restores the same user on repeated login with existing email","status":"passed","title":"restores the same user on repeated login with existing email","duration":5.537236000000121,"failureMessages":[],"meta":{},"tags":[]},{"ancestorTitles":["US-012: Email OTP Authentication Backend","AC3: User resolution — create new or restore existing"],"fullName":"US-012: Email OTP Authentication Backend AC3: User resolution — create new or restore existing does not create duplicate auth accounts on repeated login","status":"passed","title":"does not create duplicate auth accounts on repeated login","duration":5.3495020000000295,"failureMessages":[],"meta":{},"tags":[]},{"ancestorTitles":["US-012: Email OTP Authentication Backend","AC3: User resolution — create new or restore existing"],"fullName":"US-012: Email OTP Authentication Backend AC3: User resolution — create new or restore existing links email auth account to an existing user with the same email","status":"passed","title":"links email auth account to an existing user with the same email","duration":2.889609999999948,"failureMessages":[],"meta":{},"tags":[]},{"ancestorTitles":["US-012: Email OTP Authentication Backend","AC3: User resolution — create new or restore existing"],"fullName":"US-012: Email OTP Authentication Backend AC3: User resolution — create new or restore existing marks a new email account for onboarding and recognizes later logins as existing","status":"passed","title":"marks a new email account for onboarding and recognizes later logins as existing","duration":7.246054999999842,"failureMessages":[],"meta":{},"tags":[]},{"ancestorTitles":["US-012: Email OTP Authentication Backend","AC3: User resolution — create new or restore existing"],"fullName":"US-012: Email OTP Authentication Backend AC3: User resolution — create new or restore existing requires an explicit verified migration for a legacy fingerprint email collision","status":"passed","title":"requires an explicit verified migration for a legacy fingerprint email collision","duration":2.5038569999999254,"failureMessages":[],"meta":{},"tags":[]},{"ancestorTitles":["US-012: Email OTP Authentication Backend","AC3: User resolution — create new or restore existing"],"fullName":"US-012: Email OTP Authentication Backend AC3: User resolution — create new or restore existing normalizes email to lowercase before storing","status":"passed","title":"normalizes email to lowercase before storing","duration":3.924502000000075,"failureMessages":[],"meta":{},"tags":[]},{"ancestorTitles":["US-012: Email OTP Authentication Backend","AC4: Stable error responses without registration leakage"],"fullName":"US-012: Email OTP Authentication Backend AC4: Stable error responses without registration leakage returns the same error for wrong code regardless of email registration","status":"passed","title":"returns the same error for wrong code regardless of email registration","duration":1.932113999999956,"failureMessages":[],"meta":{},"tags":[]},{"ancestorTitles":["US-012: Email OTP Authentication Backend","AC4: Stable error responses without registration leakage"],"fullName":"US-012: Email OTP Authentication Backend AC4: Stable error responses without registration leakage returns INVALID_CODE for expired code","status":"passed","title":"returns INVALID_CODE for expired code","duration":1.257722000000058,"failureMessages":[],"meta":{},"tags":[]},{"ancestorTitles":["US-012: Email OTP Authentication Backend","AC4: Stable error responses without registration leakage"],"fullName":"US-012: Email OTP Authentication Backend AC4: Stable error responses without registration leakage returns INVALID_CODE for already-used code","status":"passed","title":"returns INVALID_CODE for already-used code","duration":3.365499,"failureMessages":[],"meta":{},"tags":[]},{"ancestorTitles":["US-012: Email OTP Authentication Backend","AC4: Stable error responses without registration leakage"],"fullName":"US-012: Email OTP Authentication Backend AC4: Stable error responses without registration leakage returns INVALID_CODE when no code has been requested","status":"passed","title":"returns INVALID_CODE when no code has been requested","duration":0.9710689999999431,"failureMessages":[],"meta":{},"tags":[]},{"ancestorTitles":["US-012: Email OTP Authentication Backend","AC4: Stable error responses without registration leakage"],"fullName":"US-012: Email OTP Authentication Backend AC4: Stable error responses without registration leakage returns INVALID_CODE for non-existent code format","status":"passed","title":"returns INVALID_CODE for non-existent code format","duration":1.1597449999999299,"failureMessages":[],"meta":{},"tags":[]},{"ancestorTitles":["US-012: Email OTP Authentication Backend","AC4: Stable error responses without registration leakage"],"fullName":"US-012: Email OTP Authentication Backend AC4: Stable error responses without registration leakage error response does not include user ID or PII on failure","status":"passed","title":"error response does not include user ID or PII on failure","duration":1.301471999999876,"failureMessages":[],"meta":{},"tags":[]},{"ancestorTitles":["US-012: Email OTP Authentication Backend","AC5: Test mail adapter code retrieval"],"fullName":"US-012: Email OTP Authentication Backend AC5: Test mail adapter code retrieval TestMailAdapter stores sent emails and exposes getLastCode","status":"passed","title":"TestMailAdapter stores sent emails and exposes getLastCode","duration":0.3873069999999643,"failureMessages":[],"meta":{},"tags":[]},{"ancestorTitles":["US-012: Email OTP Authentication Backend","AC5: Test mail adapter code retrieval"],"fullName":"US-012: Email OTP Authentication Backend AC5: Test mail adapter code retrieval TestMailAdapter clear() removes all stored emails","status":"passed","title":"TestMailAdapter clear() removes all stored emails","duration":0.2888559999998961,"failureMessages":[],"meta":{},"tags":[]},{"ancestorTitles":["US-012: Email OTP Authentication Backend","AC5: Test mail adapter code retrieval"],"fullName":"US-012: Email OTP Authentication Backend AC5: Test mail adapter code retrieval getMailAdapter returns TestMailAdapter in test environment","status":"passed","title":"getMailAdapter returns TestMailAdapter in test environment","duration":0.319445000000087,"failureMessages":[],"meta":{},"tags":[]},{"ancestorTitles":["US-012: Email OTP Authentication Backend","AC5: Test mail adapter code retrieval"],"fullName":"US-012: Email OTP Authentication Backend AC5: Test mail adapter code retrieval OTP sent via requestOtp can be retrieved from test adapter","status":"passed","title":"OTP sent via requestOtp can be retrieved from test adapter","duration":0.6279120000001512,"failureMessages":[],"meta":{},"tags":[]},{"ancestorTitles":["US-012: Email OTP Authentication Backend","AC5: Test mail adapter code retrieval"],"fullName":"US-012: Email OTP Authentication Backend AC5: Test mail adapter code retrieval setMailAdapter allows overriding the adapter","status":"passed","title":"setMailAdapter allows overriding the adapter","duration":0.5923809999999321,"failureMessages":[],"meta":{},"tags":[]},{"ancestorTitles":["US-012: Email OTP Authentication Backend","End-to-end OTP flow"],"fullName":"US-012: Email OTP Authentication Backend End-to-end OTP flow complete flow: request → verify → user created → second login restores user","status":"passed","title":"complete flow: request → verify → user created → second login restores user","duration":4.307937999999922,"failureMessages":[],"meta":{},"tags":[]},{"ancestorTitles":["US-012: Email OTP Authentication Backend","End-to-end OTP flow"],"fullName":"US-012: Email OTP Authentication Backend End-to-end OTP flow multiple users can register independently","status":"passed","title":"multiple users can register independently","duration":8.475693999999976,"failureMessages":[],"meta":{},"tags":[]}],"startTime":1786530393464,"endTime":1786530393563.4756,"status":"passed","message":"","name":"/home/aidenwu/Documents/careerpilot/src/lib/auth/email-otp.test.ts"},{"assertionResults":[{"ancestorTitles":["US-017: Unified enforcement of account and organization suspension","AC1: suspended user → ACCOUNT_SUSPENDED"],"fullName":"US-017: Unified enforcement of account and organization suspension AC1: suspended user → ACCOUNT_SUSPENDED suspended user triggers ACCOUNT_SUSPENDED error via assertActorActive","status":"passed","title":"suspended user triggers ACCOUNT_SUSPENDED error via assertActorActive","duration":6.439186999999947,"failureMessages":[],"meta":{},"tags":[]},{"ancestorTitles":["US-017: Unified enforcement of account and organization suspension","AC1: suspended user → ACCOUNT_SUSPENDED"],"fullName":"US-017: Unified enforcement of account and organization suspension AC1: suspended user → ACCOUNT_SUSPENDED suspended user guard returns 403 response via resolveActiveContext pattern","status":"passed","title":"suspended user guard returns 403 response via resolveActiveContext pattern","duration":5.813845000000015,"failureMessages":[],"meta":{},"tags":[]},{"ancestorTitles":["US-017: Unified enforcement of account and organization suspension","AC1: suspended user → ACCOUNT_SUSPENDED"],"fullName":"US-017: Unified enforcement of account and organization suspension AC1: suspended user → ACCOUNT_SUSPENDED suspended user with org membership still gets ACCOUNT_SUSPENDED","status":"passed","title":"suspended user with org membership still gets ACCOUNT_SUSPENDED","duration":2.7045839999999544,"failureMessages":[],"meta":{},"tags":[]},{"ancestorTitles":["US-017: Unified enforcement of account and organization suspension","AC1: suspended user → ACCOUNT_SUSPENDED"],"fullName":"US-017: Unified enforcement of account and organization suspension AC1: suspended user → ACCOUNT_SUSPENDED suspended super_admin still gets ACCOUNT_SUSPENDED","status":"passed","title":"suspended super_admin still gets ACCOUNT_SUSPENDED","duration":1.7955949999999348,"failureMessages":[],"meta":{},"tags":[]},{"ancestorTitles":["US-017: Unified enforcement of account and organization suspension","AC2: disabled org / removed membership → stable rejection"],"fullName":"US-017: Unified enforcement of account and organization suspension AC2: disabled org / removed membership → stable rejection disabled org causes user to resolve to personal context (not org)","status":"passed","title":"disabled org causes user to resolve to personal context (not org)","duration":2.2107819999999947,"failureMessages":[],"meta":{},"tags":[]},{"ancestorTitles":["US-017: Unified enforcement of account and organization suspension","AC2: disabled org / removed membership → stable rejection"],"fullName":"US-017: Unified enforcement of account and organization suspension AC2: disabled org / removed membership → stable rejection removed membership causes user to resolve to personal context","status":"passed","title":"removed membership causes user to resolve to personal context","duration":1.5318060000000742,"failureMessages":[],"meta":{},"tags":[]},{"ancestorTitles":["US-017: Unified enforcement of account and organization suspension","AC2: disabled org / removed membership → stable rejection"],"fullName":"US-017: Unified enforcement of account and organization suspension AC2: disabled org / removed membership → stable rejection user with removed membership still passes active guard (personal context)","status":"passed","title":"user with removed membership still passes active guard (personal context)","duration":1.9596669999999676,"failureMessages":[],"meta":{},"tags":[]},{"ancestorTitles":["US-017: Unified enforcement of account and organization suspension","AC2: disabled org / removed membership → stable rejection"],"fullName":"US-017: Unified enforcement of account and organization suspension AC2: disabled org / removed membership → stable rejection org suspension mid-session changes billing from org to personal","status":"passed","title":"org suspension mid-session changes billing from org to personal","duration":3.0105389999999943,"failureMessages":[],"meta":{},"tags":[]},{"ancestorTitles":["US-017: Unified enforcement of account and organization suspension","AC2: disabled org / removed membership → stable rejection"],"fullName":"US-017: Unified enforcement of account and organization suspension AC2: disabled org / removed membership → stable rejection membership removal mid-session changes billing from org to personal","status":"passed","title":"membership removal mid-session changes billing from org to personal","duration":2.5129479999999376,"failureMessages":[],"meta":{},"tags":[]},{"ancestorTitles":["US-017: Unified enforcement of account and organization suspension","AC3: rejection happens BEFORE business writes, AI calls, and ledger holds"],"fullName":"US-017: Unified enforcement of account and organization suspension AC3: rejection happens BEFORE business writes, AI calls, and ledger holds guard returns error without calling any business logic","status":"passed","title":"guard returns error without calling any business logic","duration":1.7124939999999924,"failureMessages":[],"meta":{},"tags":[]},{"ancestorTitles":["US-017: Unified enforcement of account and organization suspension","AC3: rejection happens BEFORE business writes, AI calls, and ledger holds"],"fullName":"US-017: Unified enforcement of account and organization suspension AC3: rejection happens BEFORE business writes, AI calls, and ledger holds assertActorActive throws before any downstream code executes","status":"passed","title":"assertActorActive throws before any downstream code executes","duration":1.4246040000000448,"failureMessages":[],"meta":{},"tags":[]},{"ancestorTitles":["US-017: Unified enforcement of account and organization suspension","AC3: rejection happens BEFORE business writes, AI calls, and ledger holds"],"fullName":"US-017: Unified enforcement of account and organization suspension AC3: rejection happens BEFORE business writes, AI calls, and ledger holds active user passes guard and business logic can proceed","status":"passed","title":"active user passes guard and business logic can proceed","duration":0.9824429999999893,"failureMessages":[],"meta":{},"tags":[]},{"ancestorTitles":["US-017: Unified enforcement of account and organization suspension","AC4: unsuspend / re-enable → requests resume, n
[...]
teway rejects request with no file","status":"passed","title":"rejects request with no file","duration":2.830306000000064,"failureMessages":[],"meta":{},"tags":[]}],"startTime":1786530392184,"endTime":1786530392303.8303,"status":"passed","message":"","name":"/home/aidenwu/Documents/careerpilot/src/app/api/resume/parse/resume-parse-gateway.test.ts"},{"assertionResults":[{"ancestorTitles":["GET /api/user/nav-context teacher visibility"],"fullName":"GET /api/user/nav-context teacher visibility does not infer teacher access from super_admin or org_admin","status":"passed","title":"does not infer teacher access from super_admin or org_admin","duration":5.087340999999981,"failureMessages":[],"meta":{},"tags":[]},{"ancestorTitles":["GET /api/user/nav-context teacher visibility"],"fullName":"GET /api/user/nav-context teacher visibility shows teacher navigation only for a role with an active student workspace","status":"passed","title":"shows teacher navigation only for a role with an active student workspace","duration":1.133449999999982,"failureMessages":[],"meta":{},"tags":[]}],"startTime":1786530394110,"endTime":1786530394116.1335,"status":"passed","message":"","name":"/home/aidenwu/Documents/careerpilot/src/app/api/user/nav-context/route.test.ts"},{"assertionResults":[{"ancestorTitles":["US-047: Interview chat via gateway"],"fullName":"US-047: Interview chat via gateway streams interview chat on success","status":"passed","title":"streams interview chat on success","duration":24.732978999999887,"failureMessages":[],"meta":{},"tags":[]},{"ancestorTitles":["US-047: Interview chat via gateway"],"fullName":"US-047: Interview chat via gateway rejects cross-user session with 404","status":"passed","title":"rejects cross-user session with 404","duration":5.5384090000000015,"failureMessages":[],"meta":{},"tags":[]},{"ancestorTitles":["US-047: Interview chat via gateway"],"fullName":"US-047: Interview chat via gateway rejects unauthenticated user","status":"passed","title":"rejects unauthenticated user","duration":4.409351000000015,"failureMessages":[],"meta":{},"tags":[]},{"ancestorTitles":["US-047: Interview chat via gateway"],"fullName":"US-047: Interview chat via gateway returns error on insufficient credits","status":"passed","title":"returns error on insufficient credits","duration":12.251170000000002,"failureMessages":[],"meta":{},"tags":[]},{"ancestorTitles":["US-047: Interview chat via gateway"],"fullName":"US-047: Interview chat via gateway ignores client-supplied x-api-key header","status":"passed","title":"ignores client-supplied x-api-key header","duration":9.303214000000025,"failureMessages":[],"meta":{},"tags":[]}],"startTime":1786530393693,"endTime":1786530393750.3032,"status":"passed","message":"","name":"/home/aidenwu/Documents/careerpilot/src/app/api/interview/[id]/chat/interview-chat-gateway.test.ts"},{"assertionResults":[{"ancestorTitles":["US-048: Interview report via gateway"],"fullName":"US-048: Interview report via gateway generates report on success","status":"passed","title":"generates report on success","duration":41.316547000000014,"failureMessages":[],"meta":{},"tags":[]},{"ancestorTitles":["US-048: Interview report via gateway"],"fullName":"US-048: Interview report via gateway GET returns existing report","status":"passed","title":"GET returns existing report","duration":14.159906999999976,"failureMessages":[],"meta":{},"tags":[]},{"ancestorTitles":["US-048: Interview report via gateway"],"fullName":"US-048: Interview report via gateway rejects cross-user session with 404","status":"passed","title":"rejects cross-user session with 404","duration":6.362306999999987,"failureMessages":[],"meta":{},"tags":[]},{"ancestorTitles":["US-048: Interview report via gateway"],"fullName":"US-048: Interview report via gateway rejects unauthenticated user","status":"passed","title":"rejects unauthenticated user","duration":12.141634999999951,"failureMessages":[],"meta":{},"tags":[]},{"ancestorTitles":["US-048: Interview report via gateway"],"fullName":"US-048: Interview report via gateway returns error on insufficient credits","status":"passed","title":"returns error on insufficient credits","duration":8.618465999999898,"failureMessages":[],"meta":{},"tags":[]},{"ancestorTitles":["US-048: Interview report via gateway"],"fullName":"US-048: Interview report via gateway returns error on provider failure","status":"passed","title":"returns error on provider failure","duration":12.349999000000139,"failureMessages":[],"meta":{},"tags":[]}],"startTime":1786530392701,"endTime":1786530392796.35,"status":"passed","message":"","name":"/home/aidenwu/Documents/careerpilot/src/app/api/interview/[id]/report/interview-report-gateway.test.ts"},{"assertionResults":[{"ancestorTitles":["AC1: Super admin credit adjustment"],"fullName":"AC1: Super admin credit adjustment credits org balance","status":"passed","title":"credits org balance","duration":18.121243999999933,"failureMessages":[],"meta":{},"tags":[]},{"ancestorTitles":["AC1: Super admin credit adjustment"],"fullName":"AC1: Super admin credit adjustment debits org balance","status":"passed","title":"debits org balance","duration":4.929787999999917,"failureMessages":[],"meta":{},"tags":[]},{"ancestorTitles":["AC1: Super admin credit adjustment"],"fullName":"AC1: Super admin credit adjustment rejects missing reason","status":"passed","title":"rejects missing reason","duration":2.394505999999865,"failureMessages":[],"meta":{},"tags":[]},{"ancestorTitles":["AC1: Super admin credit adjustment"],"fullName":"AC1: Super admin credit adjustment rejects missing idempotency key","status":"passed","title":"rejects missing idempotency key","duration":2.085021000000097,"failureMessages":[],"meta":{},"tags":[]},{"ancestorTitles":["AC1: Super admin credit adjustment"],"fullName":"AC1: Super admin credit adjustment rejects non-super-admin","status":"passed","title":"rejects non-super-admin","duration":2.1676800000000185,"failureMessages":[],"meta":{},"tags":[]},{"ancestorTitles":["AC2: Insufficient credits protection"],"fullName":"AC2: Insufficient credits protection rejects debit exceeding balance","status":"passed","title":"rejects debit exceeding balance","duration":3.374721000000136,"failureMessages":[],"meta":{},"tags":[]},{"ancestorTitles":["AC3: Org admin read-only access"],"fullName":"AC3: Org admin read-only access org admin can read balance with full details","status":"passed","title":"org admin can read balance with full details","duration":3.110644999999977,"failureMessages":[],"meta":{},"tags":[]},{"ancestorTitles":["AC3: Org admin read-only access"],"fullName":"AC3: Org admin read-only access org admin can read transactions","status":"passed","title":"org admin can read transactions","duration":5.912374999999884,"failureMessages":[],"meta":{},"tags":[]},{"ancestorTitles":["AC3: Org admin read-only access"],"fullName":"AC3: Org admin read-only access org admin cannot adjust credits","status":"passed","title":"org admin cannot adjust credits","duration":2.330353000000059,"failureMessages":[],"meta":{},"tags":[]},{"ancestorTitles":["AC4: Regular member limited access"],"fullName":"AC4: Regular member limited access regular member sees limited balance summary","status":"passed","title":"regular member sees limited balance summary","duration":3.0049280000000635,"failureMessages":[],"meta":{},"tags":[]},{"ancestorTitles":["AC4: Regular member limited access"],"fullName":"AC4: Regular member limited access regular member cannot read transactions","status":"passed","title":"regular member cannot read transactions","duration":2.671186999999918,"failureMessages":[],"meta":{},"tags":[]},{"ancestorTitles":["AC4: Regular member limited access"],"fullName":"AC4: Regular member limited access non-member gets 403","status":"passed","title":"non-member gets 403","duration":4.990303999999924,"failureMessages":[],"meta":{},"tags":[]},{"ancestorTitles":["AC5: Cross-org accountId rejection"],"fullName":"AC5: Cross-org accountId rejection balance endpoint ignores accountId param","status":"passed","title":"balance endpoint ignores accountId param","duration":2.3788039999999455,"failureMessages":[],"meta":{},"tags":[]},{"ancestorTitles":["AC5: Cross-org accountId rejection"],"fullName":"AC5: Cross-org accountId rejection transactions endpoint ignores accountId param","status":"passed","title":"transactions endpoint ignores accountId param","duration":3.523928999999953,"failureMessages":[],"meta":{},"tags":[]},{"ancestorTitles":["AC5: Cross-org accountId rejection"],"fullName":"AC5: Cross-org accountId rejection admin of org1 cannot access org2 balance","status":"passed","title":"admin of org1 cannot access org2 balance","duration":1.8317509999999402,"failureMessages":[],"meta":{},"tags":[]},{"ancestorTitles":["Idempotency"],"fullName":"Idempotency duplicate idempotent request returns same balance","status":"passed","title":"duplicate idempotent request returns same balance","duration":7.685322999999926,"failureMessages":[],"meta":{},"tags":[]}],"startTime":1786530393650,"endTime":1786530393721.6853,"status":"passed","message":"","name":"/home/aidenwu/Documents/careerpilot/src/app/api/organizations/[orgId]/credits/org-credits.test.ts"},{"assertionResults":[{"ancestorTitles":["AC1: Total consumption and remaining balance"],"fullName":"AC1: Total consumption and remaining balance returns total consumed and remaining balance","status":"passed","title":"returns total consumed and remaining balance","duration":20.741429999999923,"failureMessages":[],"meta":{},"tags":[]},{"ancestorTitles":["AC1: Total consumption and remaining balance"],"fullName":"AC1: Total consumption and remaining balance respects time range filter","status":"passed","title":"respects time range filter","duration":7.427419999999984,"failureMessages":[],"meta":{},"tags":[]},{"ancestorTitles":["AC1: Total consumption and remaining balance"],"fullName":"AC1: Total consumption and remaining balance returns 400 for invalid time range","status":"passed","title":"returns 400 for invalid time range","duration":3.9862040000000434,"failureMessages":[],"meta":{},"tags":[]},{"ancestorTitles":["AC1: Total consumption and remaining balance"],"fullName":"AC1: Total consumption and remaining balance super admin can access org usage","status":"passed","title":"super admin can access org usage","duration":4.85320200000001,"failureMessages":[],"meta":{},"tags":[]},{"ancestorTitles":["AC2: Member and model aggregation consistency"],"fullName":"AC2: Member and model aggregation consistency aggregates consumption by member","status":"passed","title":"aggregates consumption by member","duration":8.06758400000001,"failureMessages":[],"meta":{},"tags":[]},{"ancestorTitles":["AC2: Member and model aggregation consistency"],"fullName":"AC2: Member and model aggregation consistency aggregates attempts by model","status":"passed","title":"aggregates attempts by model","duration":10.383445999999935,"failureMessages":[],"meta":{},"tags":[]},{"ancestorTitles":["AC2: Member and model aggregation consistency"],"fullName":"AC2: Member and model aggregation consistency member + model totals are consistent with ledger","status":"passed","title":"member + model totals are consistent with ledger","duration":5.861197000000061,"failureMessages":[],"meta":{},"tags":[]},{"ancestorTitles":["AC2: Member and model aggregation consistency"],"fullName":"AC2: Member and model aggregation consistency supports pagination on member usage","status":"passed","title":"supports pagination on member usage","duration":5.757627999999954,"failureMessages":[],"meta":{},"tags":[]},{"ancestorTitles":["AC3: Cross-org tenant isolation"],"fullName":"AC3: Cross-org tenant isolation org1 admin cannot read org2 usage","status":"passed","title":"org1 admin cannot read org2 usage","duration":5.152795999999967,"failureMessages":[],"meta":{},"tags":[]},{"ancestorTitles":["AC3: Cross-org tenant isolation"],"fullName":"AC3: Cross-org tenant isolation org admin calling different orgId gets no data","status":"passed","title":"org admin calling different orgId gets no data","duration":7.5774450000000115,"failureMessages":[],"meta":{},"tags":[]},{"ancestorTitles":["AC3: Cross-org tenant isolation"],"fullName":"AC3: Cross-org tenant isolation non-member user gets 403","status":"passed","title":"non-member user gets 403","duration":3.2755979999999454,"failureMessages":[],"meta":{},"tags":[]},{"ancestorTitles":["AC3: Cross-org tenant isolation"],"fullName":"AC3: Cross-org tenant isolation unauthenticated gets 401","status":"passed","title":"unauthenticated gets 401","duration":2.726859999999988,"failureMessages":[],"meta":{},"tags":[]},{"ancestorTitles":["AC3: Cross-org tenant isolation"],"fullName":"AC3: Cross-org tenant isolation regular member (not org_admin) gets 403","status":"passed","title":"regular member (not org_admin) gets 403","duration":3.8141600000000153,"failureMessages":[],"meta":{},"tags":[]},{"ancestorTitles":["AC4: Response excludes sensitive data"],"fullName":"AC4: Response excludes sensitive data response does not contain prompts, resume text, or credentials","status":"passed","title":"response does not contain prompts, resume text, or credentials","duration":4.739407000000028,"failureMessages":[],"meta":{},"tags":[]},{"ancestorTitles":["AC4: Response excludes sensitive data"],"fullName":"AC4: Response excludes sensitive data byMember entries only contain email, name, and counts","status":"passed","title":"byMember entries only contain email, name, and counts","duration":4.496755000000007,"failureMessages":[],"meta":{},"tags":[]},{"ancestorTitles":["AC4: Response excludes sensitive data"],"fullName":"AC4: Response excludes sensitive data byModel entries only contain modelId, displayName, and counts","status":"passed","title":"byModel entries only contain modelId, displayName, and counts","duration":4.837188000000083,"failureMessages":[],"meta":{},"tags":[]},{"ancestorTitles":["AC5: Empty period returns zero totals"],"fullName":"AC5: Empty period returns zero totals returns zero totals for org with no consumption","status":"passed","title":"returns zero totals for org with no consumption","duration":3.35507199999995,"failureMessages":[],"meta":{},"tags":[]},{"ancestorTitles":["AC5: Empty period returns zero totals"],"fullName":"AC5: Empty period returns zero totals returns empty when time range excludes all consumption","status":"passed","title":"returns empty when time range excludes all consumption","duration":3.5599520000000666,"failureMessages":[],"meta":{},"tags":[]}],"startTime":1786530392400,"endTime":1786530392511.56,"status":"passed","message":"","name":"/home/aidenwu/Documents/careerpilot/src/app/api/organizations/[orgId]/usage/usage.test.ts"},{"assertionResults":[{"ancestorTitles":["AC1: Add member by email"],"fullName":"AC1: Add member by email adds a registered user as member","status":"passed","title":"adds a registered user as member","duration":21.34466999999995,"failureMessages":[],"meta":{},"tags":[]},{"ancestorTitles":["AC1: Add member by email"],"fullName":"AC1: Add member by email rejects non-existent user","status":"passed","title":"rejects non-existent user","duration":2.8082809999998517,"failureMessages":[],"meta":{},"tags":[]},{"ancestorTitles":["AC2: Duplicate, seat limit, conflicts"],"fullName":"AC2: Duplicate, seat limit, conflicts rejects duplicate active member","status":"passed","title":"rejects duplicate active member","duration":3.113644999999906,"failureMessages":[],"meta":{},"tags":[]},{"ancestorTitles":["AC2: Duplicate, seat limit, conflicts"],"fullName":"AC2: Duplicate, seat limit, conflicts rejects when seat limit exceeded","status":"passed","title":"rejects when seat limit exceeded","duration":3.929538999999977,"failureMessages":[],"meta":{},"tags":[]},{"ancestorTitles":["AC2: Duplicate, seat limit, conflicts"],"fullName":"AC2: Duplicate, seat limit, conflicts allows re-adding a previously removed member","status":"passed","title":"allows re-adding a previously removed member","duration":4.314824000000044,"failureMessages":[],"meta":{},"tags":[]},{"ancestorTitles":["AC2: Duplicate, seat limit, conflicts"],"fullName":"AC2: Duplicate, seat limit, conflicts rejects billing conflict when user is active in another org","status":"passed","title":"rejects billing conflict when user is active in another org","duration":3.821171999999933,"failureMessages":[],"meta":{},"tags":[]},{"ancestorTitles":["AC3: Org admin authorization"],"fullName":"AC3: Org admin authorization rejects non-admin user","status":"passed","title":"rejects non-admin user","duration":2.1190120000001116,"failureMessages":[],"meta":{},"tags":[]},{"ancestorTitles":["AC3: Org admin authorization"],"fullName":"AC3: Org admin authorization rejects org admin of different org","status":"passed","title":"rejects org admin of different org","duration":5.753671000000168,"failureMessages":[],"meta":{},"tags":[]},{"ancestorTitles":["AC3: Org admin authorization"],"fullName":"AC3: Org admin authorization rejects unauthenticated","status":"passed","title":"rejects unauthenticated","duration":3.054760000000215,"failureMessages":[],"meta":{},"tags":[]},{"ancestorTitles":["AC3: Org admin authorization"],"fullName":"AC3: Org admin authorization super admin can add members to any org","status":"passed","title":"super admin can add members to any org","duration":2.7850479999999607,"failureMessages":[],"meta":{},"tags":[]},{"ancestorTitles":["AC3: Org admin authorization"],"fullName":"AC3: Org admin authorization rejects adding super_admin as member","status":"passed","title":"rejects adding super_admin as member","duration":2.258758000000171,"failureMessages":[],"meta":{},"tags":[]},{"ancestorTitles":["AC3: Org admin authorization"],"fullName":"AC3: Org admin authorization rejects managing members of suspended org","status":"passed","title":"rejects managing members of suspended org","duration":1.8124269999998432,"failureMessages":[],"meta":{},"tags":[]},{"ancestorTitles":["AC4: Remove member"],"fullName":"AC4: Remove member removes a member","status":"passed","title":"removes a member","duration":3.229571999999962,"failureMessages":[],"meta":{},"tags":[]},{"ancestorTitles":["AC4: Remove member"],"fullName":"AC4: Remove member preserves historical data after removal","status":"passed","title":"preserves historical data after removal","duration":2.8513969999999063,"failureMessages":[],"meta":{},"tags":[]},{"ancestorTitles":["AC4: Remove member"],"fullName":"AC4: Remove member rejects removing non-existent membership","status":"passed","title":"rejects removing non-existent membership","duration":1.877275999999938,"failureMessages":[],"meta":{},"tags":[]},{"ancestorTitles":["AC4: Remove member"],"fullName":"AC4: Remove member rejects removing already-removed member","status":"passed","title":"rejects removing already-removed member","duration":6.261365000000069,"failureMessages":[],"meta":{},"tags":[]},{"ancestorTitles":["AC4: Remove member"],"fullName":"AC4: Remove member org admin cannot remove another org admin","status":"passed","title":"org admin cannot remove another org admin","duration":1.9739960000001702,"failureMessages":[],"meta":{},"tags":[]},{"ancestorTitles":["AC5: Member response excludes sensitive data"],"fullName":"AC5: Member response excludes sensitive data member list does not include sensitive fields","status":"passed","title":"member list does not include sensitive fields","duration":3.748593000000028,"failureMessages":[],"meta":{},"tags":[]},{"ancestorTitles":["AC5: Member response excludes sensitive data"],"fullName":"AC5: Member response excludes sensitive data returns seat usage info","status":"passed","title":"returns seat usage info","duration":2.1098709999998846,"failureMessages":[],"meta":{},"tags":[]}],"startTime":1786530393465,"endTime":1786530393545.1099,"status":"passed","message":"","name":"/home/aidenwu/Documents/careerpilot/src/app/api/organizations/[orgId]/members/members.test.ts"}]}