{"numTotalTestSuites":471,"numPassedTestSuites":471,"numFailedTestSuites":0,"numPendingTestSuites":0,"numTotalTests":1372,"numPassedTests":1372,"numFailedTests":0,"numPendingTests":0,"numTodoTests":0,"snapshot":{"added":0,"failure":false,"filesAdded":0,"filesRemoved":0,"filesRemovedList":[],"filesUnmatched":0,"filesUpdated":0,"matched":0,"total":0,"unchecked":0,"uncheckedKeysByFile":[],"unmatched":0,"updated":0,"didUpdate":false},"startTime":1786531338316,"success":true,"testResults":[{"assertionResults":[{"ancestorTitles":["product proxy"],"fullName":"product proxy allows public API /api/auth/otp/request without a session","status":"passed","title":"allows public API /api/auth/otp/request without a session","duration":180.531155,"failureMessages":[],"meta":{},"tags":[]},{"ancestorTitles":["product proxy"],"fullName":"product proxy allows public API /api/branding without a session","status":"passed","title":"allows public API /api/branding without a session","duration":2.311979000000065,"failureMessages":[],"meta":{},"tags":[]},{"ancestorTitles":["product proxy"],"fullName":"product proxy allows public API /api/health without a session","status":"passed","title":"allows public API /api/health without a session","duration":1.6015320000000202,"failureMessages":[],"meta":{},"tags":[]},{"ancestorTitles":["product proxy"],"fullName":"product proxy allows public API /api/share/public-token without a session","status":"passed","title":"allows public API /api/share/public-token without a session","duration":1.324720999999954,"failureMessages":[],"meta":{},"tags":[]},{"ancestorTitles":["product proxy"],"fullName":"product proxy allows public API /api/webhooks/stripe without a session","status":"passed","title":"allows public API /api/webhooks/stripe without a session","duration":1.4138380000000552,"failureMessages":[],"meta":{},"tags":[]},{"ancestorTitles":["product proxy"],"fullName":"product proxy allows public API /api/internal/monitoring/check without a session","status":"passed","title":"allows public API /api/internal/monitoring/check without a session","duration":1.187622000000033,"failureMessages":[],"meta":{},"tags":[]},{"ancestorTitles":["product proxy"],"fullName":"product proxy rejects private API /api/resume without a session","status":"passed","title":"rejects private API /api/resume without a session","duration":7.038826999999969,"failureMessages":[],"meta":{},"tags":[]},{"ancestorTitles":["product proxy"],"fullName":"product proxy rejects private API /api/ai/chat without a session","status":"passed","title":"rejects private API /api/ai/chat without a session","duration":1.8633049999999685,"failureMessages":[],"meta":{},"tags":[]},{"ancestorTitles":["product proxy"],"fullName":"product proxy rejects private API /api/user without a session","status":"passed","title":"rejects private API /api/user without a session","duration":2.5046459999999797,"failureMessages":[],"meta":{},"tags":[]},{"ancestorTitles":["product proxy"],"fullName":"product proxy does not accept a fingerprint header in product mode","status":"passed","title":"does not accept a fingerprint header in product mode","duration":1.722005000000081,"failureMessages":[],"meta":{},"tags":[]},{"ancestorTitles":["product proxy"],"fullName":"product proxy allows a private API with either Auth.js session cookie name","status":"passed","title":"allows a private API with either Auth.js session cookie name","duration":1.7035250000000133,"failureMessages":[],"meta":{},"tags":[]},{"ancestorTitles":["product proxy"],"fullName":"product proxy allows public page /zh","status":"passed","title":"allows public page /zh","duration":1.0936699999999746,"failureMessages":[],"meta":{},"tags":[]},{"ancestorTitles":["product proxy"],"fullName":"product proxy allows public page /zh/login","status":"passed","title":"allows public page /zh/login","duration":0.8233549999999923,"failureMessages":[],"meta":{},"tags":[]},{"ancestorTitles":["product proxy"],"fullName":"product proxy allows public page /en/privacy","status":"passed","title":"allows public page /en/privacy","duration":0.6943540000000894,"failureMessages":[],"meta":{},"tags":[]},{"ancestorTitles":["product proxy"],"fullName":"product proxy allows public page /zh/terms","status":"passed","title":"allows public page /zh/terms","duration":0.7427399999999125,"failureMessages":[],"meta":{},"tags":[]},{"ancestorTitles":["product proxy"],"fullName":"product proxy redirects /zh/dashboard to localized login with the full callback URL","status":"passed","title":"redirects /zh/dashboard to localized login with the full callback URL","duration":1.3049779999998918,"failureMessages":[],"meta":{},"tags":[]},{"ancestorTitles":["product proxy"],"fullName":"product proxy adds the default locale to an unprefixed private callback","status":"passed","title":"adds the default locale to an unprefixed private callback","duration":0.9159369999999853,"failureMessages":[],"meta":{},"tags":[]},{"ancestorTitles":["product proxy"],"fullName":"product proxy routes a new account to localized onboarding before private pages and APIs","status":"passed","title":"routes a new account to localized onboarding before private pages and APIs","duration":1.783095000000003,"failureMessages":[],"meta":{},"tags":[]},{"ancestorTitles":["product proxy"],"fullName":"product proxy allows onboarding users to read legal page /zh/terms","status":"passed","title":"allows onboarding users to read legal page /zh/terms","duration":1.103234999999927,"failureMessages":[],"meta":{},"tags":[]},{"ancestorTitles":["product proxy"],"fullName":"product proxy allows onboarding users to read legal page /en/privacy","status":"passed","title":"allows onboarding users to read legal page /en/privacy","duration":0.9071989999999914,"failureMessages":[],"meta":{},"tags":[]},{"ancestorTitles":["product proxy"],"fullName":"product proxy protects /zh/account and preserves locale in /zh/login","status":"passed","title":"protects /zh/account and preserves locale in /zh/login","duration":1.0818369999999504,"failureMessages":[],"meta":{},"tags":[]},{"ancestorTitles":["product proxy"],"fullName":"product proxy protects /en/career/jobs?level=entry and preserves locale in /en/login","status":"passed","title":"protects /en/career/jobs?level=entry and preserves locale in /en/login","duration":1.1143989999999349,"failureMessages":[],"meta":{},"tags":[]},{"ancestorTitles":["product proxy"],"fullName":"product proxy protects /zh/teacher/students and preserves locale in /zh/login","status":"passed","title":"protects /zh/teacher/students and preserves locale in /zh/login","duration":0.9729290000000219,"failureMessages":[],"meta":{},"tags":[]},{"ancestorTitles":["product proxy"],"fullName":"product proxy protects /en/editor/resume-1 and preserves locale in /en/login","status":"passed","title":"protects /en/editor/resume-1 and preserves locale in /en/login","duration":1.081493999999907,"failureMessages":[],"meta":{},"tags":[]},{"ancestorTitles":["demo proxy"],"fullName":"demo proxy accepts only a fixed demo identity cookie when demo mode is explicit","status":"passed","title":"accepts only a fixed demo identity cookie when demo mode is explicit","duration":1.255162999999925,"failureMessages":[],"meta":{},"tags":[]},{"ancestorTitles":["demo proxy"],"fullName":"demo proxy keeps the independent demo entry public for page-level mode gating","status":"passed","title":"keeps the independent demo entry public for page-level mode gating","duration":0.935730000000035,"failureMessages":[],"meta":{},"tags":[]},{"ancestorTitles":["proxy matcher"],"fullName":"proxy matcher uses the Next.js 16 proxy file convention and excludes static assets","status":"passed","title":"uses the Next.js 16 proxy file convention and excludes static assets","duration":1.5249089999999796,"failureMessages":[],"meta":{},"tags":[]}],"startTime":1786531338935,"endTime":1786531339156.525,"status":"passed","message":"","name":"/home/aidenwu/Documents/careerpilot/src/proxy.test.ts"},{"assertionResults":[{"ancestorTitles":["organization branding"],"fullName":"organization branding normalizes stored JSON and safe values","status":"passed","title":"normalizes stored JSON and safe values","duration":1.7539270000000045,"failureMessages":[],"meta":{},"tags":[]},{"ancestorTitles":["organization branding"],"fullName":"organization branding rejects unsafe logo protocols and invalid colors","status":"passed","title":"rejects unsafe logo protocols and invalid colors","duration":0.5422010000000057,"failureMessages":[],"meta":{},"tags":[]},{"ancestorTitles":["organization branding"],"fullName":"organization branding accepts relative logos and empty optional fields","status":"passed","title":"accepts relative logos and empty optional fields","duration":0.7680990000000065,"failureMessages":[],"meta":{},"tags":[]},{"ancestorTitles":["organization branding"],"fullName":"organization branding uses the correct representation for each database adapter","status":"passed","title":"uses the correct representation for each database adapter","duration":0.39881699999997977,"failureMessages":[],"meta":{},"tags":[]}],"startTime":1786531341485,"endTime":1786531341489.399,"status":"passed","message":"","name":"/home/aidenwu/Documents/careerpilot/src/lib/branding.test.ts"},{"assertionResults":[{"ancestorTitles":["validateEnv"],"fullName":"validateEnv passes in development with default (unsafe) values","status":"passed","title":"passes in development with default (unsafe) values","duration":2.0346549999999866,"failureMessages":[],"meta":{},"tags":[]},{"ancestorTitles":["validateEnv"],"fullName":"validateEnv passes in development with SQLite and explicit demo mode","status":"passed","title":"passes in development with SQLite and explicit demo mode","duration":0.25129200000003493,"failureMessages":[],"meta":{},"tags":[]},{"ancestorTitles":["validateEnv"],"fullName":"validateEnv passes in production with all safe values","status":"passed","title":"passes in production with all safe values","duration":0.8627929999999537,"failureMessages":[],"meta":{},"tags":[]},{"ancestorTitles":["validateEnv"],"fullName":"validateEnv requires Stripe, OTLP, and on-call configuration when commercial systems are enabled","status":"passed","title":"requires Stripe, OTLP, and on-call configuration when commercial systems are enabled","duration":0.9597300000000359,"failureMessages":[],"meta":{},"tags":[]},{"ancestorTitles":["validateEnv"],"fullName":"validateEnv fails in production when demo mode is enabled","status":"passed","title":"fails in production when demo mode is enabled","duration":0.3799280000000067,"failureMessages":[],"meta":{},"tags":[]},{"ancestorTitles":["validateEnv"],"fullName":"validateEnv uses product mode by default when DEMO_MODE is missing","status":"passed","title":"uses product mode by default when DEMO_MODE is missing","duration":0.3117550000000051,"failureMessages":[],"meta":{},"tags":[]},{"ancestorTitles":["validateEnv"],"fullName":"validateEnv fails in production when DB_TYPE is sqlite","status":"passed","title":"fails in production when DB_TYPE is sqlite","duration":0.2567449999999667,"failureMessages":[],"meta":{},"tags":[]},{"ancestorTitles":["validateEnv"],"fullName":"validateEnv fails in production when DB_TYPE is missing (defaults to sqlite)","status":"passed","title":"fails in production when DB_TYPE is missing (defaults to sqlite)","duration":0.3281939999999963,"failureMessages":[],"meta":{},"tags":[]},{"ancestorTitles":["validateEnv"],"fullName":"validateEnv fails in production when DATABASE_URL is missing with postgresql","status":"passed","title":"fails in production when DATABASE_URL is missing with postgresql","duration":0.5641560000000254,"failureMessages":[],"meta":{},"tags":[]},{"ancestorTitles":["validateEnv"],"fullName":"validateEnv fails in production when AUTH_SECRET is missing","status":"passed","title":"fails in production when AUTH_SECRET is missing","duration":0.31052199999999175,"failureMessages":[],"meta":{},"tags":[]},{"ancestorTitles":["validateEnv"],"fullName":"validateEnv fails in production when AUTH_SECRET is a known placeholder","status":"passed","title":"fails in production when AUTH_SECRET is a known placeholder","duration":0.6283179999999788,"failureMessages":[],"meta":{},"tags":[]},{"ancestorTitles":["validateEnv"],"fullName":"validateEnv fails in production when AUTH_SECRET is too short (< 32 chars)","status":"passed","title":"fails in production when AUTH_SECRET is too short (< 32 chars)","duration":0.19141500000000633,"failureMessages":[],"meta":{},"tags":[]},{"ancestorTitles":["validateEnv"],"fullName":"validateEnv fails in production when AI_CREDENTIAL_MASTER_KEY is missing","status":"passed","title":"fails in production when AI_CREDENTIAL_MASTER_KEY is missing","duration":0.3580760000000396,"failureMessages":[],"meta":{},"tags":[]},{"ancestorTitles":["validateEnv"],"fullName":"validateEnv fails in production when AI_CREDENTIAL_MASTER_KEY equals AUTH_SECRET","status":"passed","title":"fails in production when AI_CREDENTIAL_MASTER_KEY equals AUTH_SECRET","duration":0.19107000000002472,"failureMessages":[],"meta":{},"tags":[]},{"ancestorTitles":["validateEnv"],"fullName":"validateEnv fails in production when AI_CREDENTIAL_MASTER_KEY is too short","status":"passed","title":"fails in production when AI_CREDENTIAL_MASTER_KEY is too short","duration":0.1670609999999897,"failureMessages":[],"meta":{},"tags":[]},{"ancestorTitles":["validateEnv"],"fullName":"validateEnv reports all issues when everything is wrong in production","status":"passed","title":"reports all issues when everything is wrong in production","duration":0.846494000000007,"failureMessages":[],"meta":{},"tags":[]},{"ancestorTitles":["validateEnv"],"fullName":"validateEnv requires SMTP delivery for product email verification in production","status":"passed","title":"requires SMTP delivery for product email verification in production","duration":0.19615800000002537,"failureMessages":[],"meta":{},"tags":[]},{"ancestorTitles":["validateEnv"],"fullName":"validateEnv requires Google OAuth credentials in production product mode","status":"passed","title":"requires Google OAuth credentials in production product mode","duration":0.17369000000002188,"failureMessages":[],"meta":{},"tags":[]}],"startTime":1786531341447,"endTime":1786531341457.1736,"status":"passed","message":"","name":"/home/aidenwu/Documents/careerpilot/src/lib/env.test.ts"},{"assertionResults":[{"ancestorTitles":["API route inventory"],"fullName":"API route inventory discovers at least 10 API routes","status":"passed","title":"discovers at least 10 API routes","duration":1.1073069999999916,"failureMessages":[],"meta":{},"tags":[]},{"ancestorTitles":["API route inventory"],"fullName":"API route inventory public whitelist only covers auth, health, and share","status":"passed","title":"public whitelist only covers auth, health, and share","duration":0.545127999999977,"failureMessages":[],"meta":{},"tags":[]},{"ancestorTitles":["API route inventory"],"fullName":"API route inventory all non-public routes are classified as private (require auth)","status":"passed","title":"all non-public routes are classified as private (require auth)","duration":0.23341899999999782,"failureMessages":[],"meta":{},"tags":[]},{"ancestorTitles":["API route inventory"],"fullName":"API route inventory prints route classification table for review","status":"passed","title":"prints route classification table for review","duration":1.0280539999999974,"failureMessages":[],"meta":{},"tags":[]}],"startTime":1786531341492,"endTime":1786531341495.028,"status":"passed","message":"","name":"/home/aidenwu/Documents/careerpilot/src/app/api/route-inventory.test.ts"},{"assertionResults":[{"ancestorTitles":["estimateCredits"],"fullName":"estimateCredits returns fixed price as string when > 0","status":"passed","title":"returns fixed price as string when > 0","duration":1.8618210000000204,"failureMessages":[],"meta":{},"tags":[]},{"ancestorTitles":["estimateCredits"],"fullName":"estimateCredits returns ~ for token-based pricing","status":"passed","title":"returns ~ for token-based pricing","duration":0.34702799999996614,"failureMessages":[],"meta":{},"tags":[]},{"ancestorTitles":["estimateCredits"],"fullName":"estimateCredits returns null when all pricing is zero","status":"passed","title":"returns null when all pricing is zero","duration":0.2509939999999915,"failureMessages":[],"meta":{},"tags":[]},{"ancestorTitles":["estimateCredits"],"fullName":"estimateCredits returns fixed price for image models with fixed pricing","status":"passed","title":"returns fixed price for image models with fixed pricing","duration":0.25213999999999714,"failureMessages":[],"meta":{},"tags":[]},{"ancestorTitles":["ModelSelector data logic"],"fullName":"ModelSelector data logic text models can be separated from image models","status":"passed","title":"text models can be separated from image models","duration":2.032966999999985,"failureMessages":[],"meta":{},"tags":[]},{"ancestorTitles":["ModelSelector data logic"],"fullName":"ModelSelector data logic selected model can be checked against filtered list","status":"passed","title":"selected model can be checked against filtered list","duration":0.5039610000000039,"failureMessages":[],"meta":{},"tags":[]},{"ancestorTitles":["ModelSelector data logic"],"fullName":"ModelSelector data logic estimateCredits still works after fetch failure","status":"passed","title":"estimateCredits still works after fetch failure","duration":0.3674100000000067,"failureMessages":[],"meta":{},"tags":[]},{"ancestorTitles":["ModelSelector data logic"],"fullName":"ModelSelector data logic catalog model shape includes display fields for selector","status":"passed","title":"catalog model shape includes display fields for selector","duration":0.7599119999999857,"failureMessages":[],"meta":{},"tags":[]},{"ancestorTitles":["ModelSelector data logic"],"fullName":"ModelSelector data logic AC4: when selected model becomes unavailable, toast.warning fires with fallback display name","status":"passed","title":"AC4: when selected model becomes unavailable, toast.warning fires with fallback display name","duration":1.8399310000000355,"failureMessages":[],"meta":{},"tags":[]},{"ancestorTitles":["ModelSelector data logic"],"fullName":"ModelSelector data logic AC4: no toast fires when the selected model remains available","status":"passed","title":"AC4: no toast fires when the selected model remains available","duration":0.5301989999999819,"failureMessages":[],"meta":{},"tags":[]}],"startTime":1786531341568,"endTime":1786531341577.5303,"status":"passed","message":"","name":"/home/aidenwu/Documents/careerpilot/src/components/ai/model-selector.test.ts"},{"assertionResults":[{"ancestorTitles":["GenerationButtonContent"],"fullName":"GenerationButtonContent keeps both icon nodes mounted across generation state changes","status":"passed","title":"keeps both icon nodes mounted across generation state changes","duration":15.536571999999978,"failureMessages":[],"meta":{},"tags":[]}],"startTime":1786531341508,"endTime":1786531341523.5366,"status":"passed","message":"","name":"/home/aidenwu/Documents/careerpilot/src/components/linkedin-photo/generation-button-content.test.tsx"},{"assertionResults":[{"ancestorTitles":["issueDeletionToken / verifyDeletionToken"],"fullName":"issueDeletionToken / verifyDeletionToken issues a token that verifies for the same userId","status":"passed","title":"issues a token that verifies for the same userId","duration":4.306311000000051,"failureMessages":[],"meta":{},"tags":[]},{"ancestorTitles":["issueDeletionToken / verifyDeletionToken"],"fullName":"issueDeletionToken / verifyDeletionToken rejects a token for a different userId","status":"passed","title":"rejects a token for a different userId","duration":2.275804999999991,"failureMessages":[],"meta":{},"tags":[]},{"ancestorTitles":["issueDeletionToken / verifyDeletionToken"],"fullName":"issueDeletionToken / verifyDeletionToken rejects an expired token","status":"passed","title":"rejects an expired token","duration":1.7318780000000515,"failureMessages":[],"meta":{},"tags":[]},{"ancestorTitles":["issueDeletionToken / verifyDeletionToken"],"fullName":"issueDeletionToken / verifyDeletionToken rejects a tampered token","status":"passed","title":"rejects a tampered token","duration":3.254479999999944,"failureMessages":[],"meta":{},"tags":[]},{"ancestorTitles":["issueDeletionToken / verifyDeletionToken"],"fullName":"issueDeletionToken / verifyDeletionToken rejects garbage input","status":"passed","title":"rejects garbage input","duration":2.1663369999999986,"failureMessages":[],"meta":{},"tags":[]},{"ancestorTitles":["verifyOtpForReauth"],"fullName":"verifyOtpForReauth verifies a valid OTP code","status":"passed","title":"verifies a valid OTP code","duration":5.384778000000097,"failureMessages":[],"meta":{},"tags":[]},{"ancestorTitles":["verifyOtpForReauth"],"fullName":"verifyOtpForReauth rejects an invalid code","status":"passed","title":"rejects an invalid code","duration":2.5585529999999608,"failureMessages":[],"meta":{},"tags":[]},{"ancestorTitles":["verifyOtpForReauth"],"fullName":"verifyOtpForReauth marks the code as used after verification","status":"passed","title":"marks the code as used after verification","duration":2.7398770000000923,"failureMessages":[],"meta":{},"tags":[]},{"ancestorTitles":["initiateAccountDeletion"],"fullName":"initiateAccountDeletion returns a token on valid OTP","status":"passed","title":"returns a token on valid OTP","duration":3.397703999999976,"failureMessages":[],"meta":{},"tags":[]},{"ancestorTitles":["initiateAccountDeletion"],"fullName":"initiateAccountDeletion returns error on invalid OTP","status":"passed","title":"returns error on invalid OTP","duration":2.647234000000026,"failureMessages":[],"meta":{},"tags":[]},{"ancestorTitles":["initiateAccountDeletion"],"fullName":"initiateAccountDeletion returns error when email is null","status":"passed","title":"returns error when email is null","duration":2.0796150000001035,"failureMessages":[],"meta":{},"tags":[]},{"ancestorTitles":["deleteUserData"],"fullName":"deleteUserData deletes resumes and cascaded children","status":"passed","title":"deletes resumes and cascaded children","duration":5.229804000000058,"failureMessages":[],"meta":{},"tags":[]},{"ancestorTitles":["deleteUserData"],"fullName":"deleteUserData deletes interview sessions","status":"passed","title":"deletes interview sessions","duration":3.7393469999999525,"failureMessages":[],"meta":{},"tags":[]},{"ancestorTitles":["deleteUserData"],"fullName":"deleteUserData deletes auth accounts","status":"passed","title":"deletes auth accounts","duration":3.4286039999999502,"failureMessages":[],"meta":{},"tags":[]},{"ancestorTitles":["deleteUserData"],"fullName":"deleteUserData soft-removes active organization memberships","status":"passed","title":"soft-removes active organization memberships","duration":3.107477000000017,"failureMessages":[],"meta":{},"tags":[]},{"ancestorTitles":["deleteUserData"],"fullName":"deleteUserData freezes personal credit accounts","status":"passed","title":"freezes personal credit accounts","duration":3.110539000000017,"failureMessages":[],"meta":{},"tags":[]},{"ancestorTitles":["deleteUserData"],"fullName":"deleteUserData anonymizes user PII and sets status to deleted","status":"passed","title":"anonymizes user PII and sets status to deleted","duration":3.493652999999995,"failureMessages":[],"meta":{},"tags":[]},{"ancestorTitles":["deleteUserData"],"fullName":"deleteUserData deletes private career data and both directions of teacher-linked records","status":"passed","title":"deletes private career data and both directions of teacher-linked records","duration":13.458752000000004,"failureMessages":[],"meta":{},"tags":[]},{"ancestorTitles":["deleteUserData"],"fullName":"deleteUserData is idempotent — calling twice does not error","status":"passed","title":"is idempotent — calling twice does not error","duration":5.0754289999999855,"failureMessages":[],"meta":{},"tags":[]},{"ancestorTitles":["confirmAccountDeletion"],"fullName":"confirmAccountDeletion rejects without a valid token","status":"passed","title":"rejects without a valid token","duration":1.8257779999999002,"failureMessages":[],"meta":{},"tags":[]},{"ancestorTitles":["confirmAccountDeletion"],"fullName":"confirmAccountDeletion deletes account with valid token","status":"passed","title":"deletes account with valid token","duration":4.461248000000069,"failureMessages":[],"meta":{},"tags":[]},{"ancestorTitles":["confirmAccountDeletion"],"fullName":"confirmAccountDeletion records an audit event","status":"passed","title":"records an audit event","duration":5.519387999999935,"failureMessages":[],"meta":{},"tags":[]},{"ancestorTitles":["confirmAccountDeletion"],"fullName":"confirmAccountDeletion returns success for already-deleted user (idempotent)","status":"passed","title":"returns success for already-deleted user (idempotent)","duration":3.618686999999909,"failureMessages":[],"meta":{},"tags":[]},{"ancestorTitles":["confirmAccountDeletion"],"fullName":"confirmAccountDeletion returns error for non-existent user","status":"passed","title":"returns error for non-existent user","duration":2.1134400000000824,"failureMessages":[],"meta":{},"tags":[]}],"startTime":1786531339455,"endTime":1786531339547.1135,"status":"passed","message":"","name":"/home/aidenwu/Documents/careerpilot/src/lib/account/account-deletion.test.ts"},{"assertionResults":[{"ancestorTitles":["operations dashboard aggregation"],"fullName":"operations dashboard aggregation computes reliability, net consumption, rankings, cost and alerts","status":"passed","title":"computes reliability, net consumption, rankings, cost and alerts","duration":2.799315999999976,"failureMessages":[],"meta":{},"tags":[]}],"startTime":1786531341926,"endTime":1786531341928.7993,"status":"passed","message":"","name":"/home/aidenwu/Documents/careerpilot/src/lib/admin/operations-dashboard.test.ts"},{"assertionResults":[{"ancestorTitles":["US-024 AC2: Sanitization — rejects sensitive content","sanitizeSummary"],"fullName":"US-024 AC2: Sanitization — rejects sensitive content sanitizeSummary passes through clean summaries","status":"passed","title":"passes through clean summaries","duration":2.560324000000037,"failureMessages":[],"meta":{},"tags":[]},{"ancestorTitles":["US-024 AC2: Sanitization — rejects sensitive content","sanitizeSummary"],"fullName":"US-024 AC2: Sanitization — rejects sensitive content sanitizeSummary redacts OpenAI API keys","status":"passed","title":"redacts OpenAI API keys","duration":0.39649900000017624,"failureMessages":[],"meta":{},"tags":[]},{"ancestorTitles":["US-024 AC2: Sanitization — rejects sensitive content","sanitizeSummary"],"fullName":"US-024 AC2: Sanitization — rejects sensitive content sanitizeSummary redacts Anthropic API keys","status":"passed","title":"redacts Anthropic API keys","duration":0.24709899999993468,"failureMessages":[],"meta":{},"tags":[]},{"ancestorTitles":["US-024 AC2: Sanitization — rejects sensitive content","sanitizeSummary"],"fullName":"US-024 AC2: Sanitization — rejects sensitive content sanitizeSummary redacts Google API keys","status":"passed","title":"redacts Google API keys","duration":0.2521750000000793,"failureMessages":[],"meta":{},"tags":[]},{"ancestorTitles":["US-024 AC2: Sanitization — rejects sensitive content","sanitizeSummary"],"fullName":"US-024 AC2: Sanitization — rejects sensitive content sanitizeSummary redacts Authorization: Bearer headers","status":"passed","title":"redacts Authorization: Bearer headers","duration":0.1678020000001652,"failureMessages":[],"meta":{},"tags":[]},{"ancestorTitles":["US-024 AC2: Sanitization — rejects sensitive content","sanitizeSummary"],"fullName":"US-024 AC2: Sanitization — rejects sensitive content sanitizeSummary redacts x-api-key headers","status":"passed","title":"redacts x-api-key headers","duration":0.13504499999999098,"failureMessages":[],"meta":{},"tags":[]},{"ancestorTitles":["US-024 AC2: Sanitization — rejects sensitive content","sanitizeSummary"],"fullName":"US-024 AC2: Sanitization — rejects sensitive content sanitizeSummary redacts JWT tokens","status":"passed","title":"redacts JWT tokens","duration":0.2275489999999536,"failureMessages":[],"meta":{},"tags":[]},{"ancestorTitles":["US-024 AC2: Sanitization — rejects sensitive content","sanitizeSummary"],"fullName":"US-024 AC2: Sanitization — rejects sensitive content sanitizeSummary redacts multi-line content resembling resume text","status":"passed","title":"redacts multi-line content resembling resume text","duration":0.24127599999997074,"failureMessages":[],"meta":{},"tags":[]},{"ancestorTitles":["US-024 AC2: Sanitization — rejects sensitive content","sanitizeSummary"],"fullName":"US-024 AC2: Sanitization — rejects sensitive content sanitizeSummary redacts multi-line content resembling full prompts","status":"passed","title":"redacts multi-line content resembling full prompts","duration":0.44365300000004027,"failureMessages":[],"meta":{},"tags":[]},{"ancestorTitles":["US-024 AC2: Sanitization — rejects sensitive content","sanitizeSummary"],"fullName":"US-024 AC2: Sanitization — rejects sensitive content sanitizeSummary allows short multi-line content (2 lines or less)","status":"passed","title":"allows short multi-line content (2 lines or less)","duration":0.19508700000005774,"failureMessages":[],"meta":{},"tags":[]},{"ancestorTitles":["US-024 AC2: Sanitization — rejects sensitive content","sanitizeSummary"],"fullName":"US-024 AC2: Sanitization — rejects sensitive content sanitizeSummary truncates very long clean summaries","status":"passed","title":"truncates very long clean summaries","duration":0.22058500000002823,"failureMessages":[],"meta":{},"tags":[]},{"ancestorTitles":["US-024 AC2: Sanitization — rejects sensitive content","detectSensitiveContent"],"fullName":"US-024 AC2: Sanitization — rejects sensitive content detectSensitiveContent returns null for clean content","status":"passed","title":"returns null for clean content","duration":0.20252999999979693,"failureMessages":[],"meta":{},"tags":[]},{"ancestorTitles":["US-024 AC2: Sanitization — rejects sensitive content","detectSensitiveContent"],"fullName":"US-024 AC2: Sanitization — rejects sensitive content detectSensitiveContent returns label for API keys","status":"passed","title":"returns label for API keys","duration":0.10634299999992436,"failureMessages":[],"meta":{},"tags":[]},{"ancestorTitles":["US-024 AC2: Sanitization — rejects sensitive content","detectSensitiveContent"],"fullName":"US-024 AC2: Sanitization — rejects sensitive content detectSensitiveContent returns label for multi-line document text","status":"passed","title":"returns label for multi-line document text","duration":0.12588900000014291,"failureMessages":[],"meta":{},"tags":[]},{"ancestorTitles":["US-024 AC1: recordAuditEvent records all fields"],"fullName":"US-024 AC1: recordAuditEvent records all fields records a complete success event with all fields","status":"passed","title":"records a complete success event with all fields","duration":5.24359000000004,"failureMessages":[],"meta":{},"tags":[]},{"ancestorTitles":["US-024 AC1: recordAuditEvent records all fields"],"fullName":"US-024 AC1: recordAuditEvent records all fields records a failure event","status":"passed","title":"records a failure event","duration":1.2278660000001764,"failureMessages":[],"meta":{},"tags":[]},{"ancestorTitles":["US-024 AC1: recordAuditEvent records all fields"],"fullName":"US-024 AC1: recordAuditEvent records all fields records a system-initiated event with null actorId","status":"passed","title":"records a system-initiated event with null actorId","duration":0.7803220000000692,"failureMessages":[],"meta":{},"tags":[]},{"ancestorTitles":["US-024 AC1: recordAuditEvent records all fields"],"fullName":"US-024 AC1: recordAuditEvent records all fields records event with null targetId for system-wide actions","status":"passed","title":"records event with null targetId for system-wide actions","duration":0.5480760000000373,"failureMessages":[],"meta":{},"tags":[]},{"ancestorTitles":["US-024 AC2: Service sanitizes summaries before storage"],"fullName":"US-024 AC2: Service sanitizes summaries before storage stores redacted summary when input contains API key","status":"passed","title":"stores redacted summary when input contains API key","duration":0.5232130000001689,"failureMessages":[],"meta":{},"tags":[]},{"ancestorTitles":["US-024 AC2: Service sanitizes summaries before storage"],"fullName":"US-024 AC2: Service sanitizes summaries before storage stores redacted summary when input contains Authorization header","status":"passed","title":"stores redacted summary when input contains Authorization header","duration":0.45144200000004275,"failureMessages":[],"meta":{},"tags":[]},{"ancestorTitles":["US-024 AC2: Service sanitizes summaries before storage"],"fullName":"US-024 AC2: Service sanitizes summaries before storage stores redacted summary when input contains resume text","status":"passed","title":"stores redacted summary when input contains resume text","duration":0.5454110000000583,"failureMessages":[],"meta":{},"tags":[]},{"ancestorTitles":["US-024 AC3: Idempotent success events are not duplicated"],"fullName":"US-024 AC3: Idempotent success events are not duplicated skips duplicate success event with same idempotency signature","status":"passed","title":"skips duplicate success event with same idempotency signature","duration":0.9527630000000045,"failureMessages":[],"meta":{},"tags":[]},{"ancestorTitles":["US-024 AC3: Idempotent success events are not duplicated"],"fullName":"US-024 AC3: Idempotent success events are not duplicated allows failure events with same idempotency signature","status":"passed","title":"allows failure events with same idempotency signature","duration":0.689296000000013,"failureMessages":[],"meta":{},"tags":[]},{"ancestorTitles":["US-024 AC3: Idempotent success events are not duplicated"],"fullName":"US-024 AC3: Idempotent success events are not duplicated does not deduplicate when idempotent flag is false","status":"passed","title":"does not deduplicate when idempotent flag is false","duration":0.5848049999999603,"failureMessages":[],"meta":{},"tags":[]},{"ancestorTitles":["US-024 AC3: Idempotent success events are not duplicated"],"fullName":"US-024 AC3: Idempotent success events are not duplicated does not deduplicate across different targets with same requestId","status":"passed","title":"does not deduplicate across different targets with same requestId","duration":0.5055250000000342,"failureMessages":[],"meta":{},"tags":[]},{"ancestorTitles":["US-024 AC4: Audit events cannot be modified or deleted"],"fullName":"US-024 AC4: Audit events cannot be modified or deleted rejects UPDATE on audit_events via service (no update method exists)","status":"passed","title":"rejects UPDATE on audit_events via service (no update method exists)","duration":0.11500700000010511,"failureMessages":[],"meta":{},"tags":[]},{"ancestorTitles":["US-024 AC4: Audit events cannot be modified or deleted"],"fullName":"US-024 AC4: Audit events cannot be modified or deleted rejects direct UPDATE on audit_events table (DB trigger)","status":"passed","title":"rejects direct UPDATE on audit_events table (DB trigger)","duration":1.2845749999999043,"failureMessages":[],"meta":{},"tags":[]},{"ancestorTitles":["US-024 AC4: Audit events cannot be modified or deleted"],"fullName":"US-024 AC4: Audit events cannot be modified or deleted rejects direct DELETE on audit_events table (DB trigger)","status":"passed","title":"rejects direct DELETE on audit_events table (DB trigger)","duration":0.5042759999998907,"failureMessages":[],"meta":{},"tags":[]},{"ancestorTitles":["US-024 AC5: Events queryable by actor, target, and time"],"fullName":"US-024 AC5: Events queryable by actor, target, and time queries events by actorId","status":"passed","title":"queries events by actorId","duration":0.7466940000001614,"failureMessages":[],"meta":{},"tags":[]},{"ancestorTitles":["US-024 AC5: Events queryable by actor, target, and time"],"fullName":"US-024 AC5: Events queryable by actor, target, and time queries events by targetType and targetId","status":"passed","title":"queries events by targetType and targetId","duration":0.4369249999999738,"failureMessages":[],"meta":{},"tags":[]},{"ancestorTitles":["US-024 AC5: Events queryable by actor, target, and time"],"fullName":"US-024 AC5: Events queryable by actor, target, and time queries events by time range","status":"passed","title":"queries events by time range","duration":0.48394600000005994,"failureMessages":[],"meta":{},"tags":[]},{"ancestorTitles":["US-024 AC5: Events queryable by actor, target, and time"],"fullName":"US-024 AC5: Events queryable by actor, target, and time queries both success and failure events by default","status":"passed","title":"queries both success and failure events by default","duration":0.8487119999999777,"failureMessages":[],"meta":{},"tags":[]},{"ancestorTitles":["US-024 AC5: Events queryable by actor, target, and time"],"fullName":"US-024 AC5: Events queryable by actor, target, and time returns events ordered by createdAt descending (newest first)","status":"passed","title":"returns events ordered by createdAt descending (newest first)","duration":1102.33692,"failureMessages":[],"meta":{},"tags":[]},{"ancestorTitles":["US-024 AC5: Events queryable by actor, target, and time"],"fullName":"US-024 AC5: Events queryable by actor, target, and time respects limit option","status":"passed","title":"respects limit option","duration":3.626263999999992,"failureMessages":[],"meta":{},"tags":[]},{"ancestorTitles":["US-024 AC5: Events queryable by actor, target, and time"],"fullName":"US-024 AC5: Events queryable by actor, target, and time countAuditEvents returns correct count","status":"passed","title":"countAuditEvents returns correct count","duration":4.424596000000292,"failureMessages":[],"meta":{},"tags":[]},{"ancestorTitles":["US-024 AC5: Events queryable by actor, target, and time"],"fullName":"US-024 AC5: Events queryable by actor, target, and time queries events by tenantId","status":"passed","title":"queries events by tenantId","duration":0.8656770000002325,"failureMessages":[],"meta":{},"tags":[]},{"ancestorTitles":["US-024 AC5: Events queryable by actor, target, and time"],"fullName":"US-024 AC5: Events queryable by actor, target, and time queries events by requestId","status":"passed","title":"queries events by requestId","duration":0.9946039999999812,"failureMessages":[],"meta":{},"tags":[]}],"startTime":1786531339491,"endTime":1786531340625.9946,"status":"passed","message":"","name":"/home/aidenwu/Documents/careerpilot/src/lib/audit/audit-service.test.ts"},{"assertionResults":[{"ancestorTitles":["AC1: Billing account resolution"],"fullName":"AC1: Billing account resolution resolves personal account for user with no org","status":"passed","title":"resolves personal account for user with no org","duration":12.360317000000009,"failureMessages":[],"meta":{},"tags":[]},{"ancestorTitles":["AC1: Billing account resolution"],"fullName":"AC1: Billing account resolution resolves org account for user with single active org","status":"passed","title":"resolves org account for user with single active org","duration":3.956829999999968,"failureMessages":[],"meta":{},"tags":[]},{"ancestorTitles":["AC1: Billing account resolution"],"fullName":"AC1: Billing account resolution creates account if it does not exist yet","status":"passed","title":"creates account if it does not exist yet","duration":4.8837259999999105,"failureMessages":[],"meta":{},"tags":[]},{"ancestorTitles":["AC2: Stable error cases"],"fullName":"AC2: Stable error cases returns AMBIGUOUS_BILLING for org context without org ID","status":"passed","title":"returns AMBIGUOUS_BILLING for org context without org ID","duration":1.7404610000000957,"failureMessages":[],"meta":{},"tags":[]},{"ancestorTitles":["AC2: Stable error cases"],"fullName":"AC2: Stable error cases returns ACCOUNT_FROZEN for frozen account","status":"passed","title":"returns ACCOUNT_FROZEN for frozen account","duration":5.588232000000062,"failureMessages":[],"meta":{},"tags":[]},{"ancestorTitles":["AC2: Stable error cases"],"fullName":"AC2: Stable error cases returns MODEL_NOT_ALLOWED for disabled model","status":"passed","title":"returns MODEL_NOT_ALLOWED for disabled model","duration":5.226371999999969,"failureMessages":[],"meta":{},"tags":[]},{"ancestorTitles":["AC2: Stable error cases"],"fullName":"AC2: Stable error cases returns MODEL_NOT_ALLOWED for private model","status":"passed","title":"returns MODEL_NOT_ALLOWED for private model","duration":7.057314000000019,"failureMessages":[],"meta":{},"tags":[]},{"ancestorTitles":["AC2: Stable error cases"],"fullName":"AC2: Stable error cases returns MODEL_NOT_ALLOWED for non-existent model","status":"passed","title":"returns MODEL_NOT_ALLOWED for non-existent model","duration":3.5515740000000733,"failureMessages":[],"meta":{},"tags":[]},{"ancestorTitles":["AC2: Stable error cases"],"fullName":"AC2: Stable error cases returns MODEL_NOT_ALLOWED when provider is disabled","status":"passed","title":"returns MODEL_NOT_ALLOWED when provider is disabled","duration":3.3859509999999773,"failureMessages":[],"meta":{},"tags":[]},{"ancestorTitles":["AC3: Model capability matching"],"fullName":"AC3: Model capability matching allows text capability on text model","status":"passed","title":"allows text capability on text model","duration":2.8890890000000127,"failureMessages":[],"meta":{},"tags":[]},{"ancestorTitles":["AC3: Model capability matching"],"fullName":"AC3: Model capability matching allows image_generation capability on image model","status":"passed","title":"allows image_generation capability on image model","duration":9.554378000000042,"failureMessages":[],"meta":{},"tags":[]},{"ancestorTitles":["AC3: Model capability matching"],"fullName":"AC3: Model capability matching allows text on multi-capability model","status":"passed","title":"allows text on multi-capability model","duration":2.740252000000055,"failureMessages":[],"meta":{},"tags":[]},{"ancestorTitles":["AC3: Model capability matching"],"fullName":"AC3: Model capability matching allows image_generation on multi-capability model","status":"passed","title":"allows image_generation on multi-capability model","duration":2.598612000000003,"failureMessages":[],"meta":{},"tags":[]},{"ancestorTitles":["AC3: Model capability matching"],"fullName":"AC3: Model capability matching rejects image_generation on text-only model","status":"passed","title":"rejects image_generation on text-only model","duration":2.4202309999999443,"failureMessages":[],"meta":{},"tags":[]},{"ancestorTitles":["AC3: Model capability matching"],"fullName":"AC3: Model capability matching rejects text on image-only model","status":"passed","title":"rejects text on image-only model","duration":2.3578220000000556,"failureMessages":[],"meta":{},"tags":[]},{"ancestorTitles":["AC4: Client-supplied values are structurally excluded"],"fullName":"AC4: Client-supplied values are structurally excluded authorizeAiRequest does not accept balance parameter","status":"passed","title":"authorizeAiRequest does not accept balance parameter","duration":1.1815139999999928,"failureMessages":[],"meta":{},"tags":[]},{"ancestorTitles":["AC4: Client-supplied values are structurally excluded"],"fullName":"AC4: Client-supplied values are structurally excluded returned data does not contain provider credentials","status":"passed","title":"returned data does not contain provider credentials","duration":3.4728850000000193,"failureMessages":[],"meta":{},"tags":[]},{"ancestorTitles":["AC5: Rejections happen before any provider call"],"fullName":"AC5: Rejections happen before any provider call does not create a credit hold on rejection","status":"passed","title":"does not create a credit hold on rejection","duration":3.645819999999958,"failureMessages":[],"meta":{},"tags":[]},{"ancestorTitles":["AC5: Rejections happen before any provider call"],"fullName":"AC5: Rejections happen before any provider call returns full model and account info on success","status":"passed","title":"returns full model and account info on success","duration":2.300972999999999,"failureMessages":[],"meta":{},"tags":[]}],"startTime":1786531340578,"endTime":1786531340660.301,"status":"passed","message":"","name":"/home/aidenwu/Documents/careerpilot/src/lib/ai/ai-authorization.test.ts"},{"assertionResults":[{"ancestorTitles":["AC1: calculateHoldAmount"],"fullName":"AC1: calculateHoldAmount returns fixedPrice for fixed-price-only model","status":"passed","title":"returns fixedPrice for fixed-price-only model","duration":6.58773999999994,"failureMessages":[],"meta":{},"tags":[]},{"ancestorTitles":["AC1: calculateHoldAmount"],"fullName":"AC1: calculateHoldAmount returns token-based cost for token-only model","status":"passed","title":"returns token-based cost for token-only model","duration":1.1601929999999356,"failureMessages":[],"meta":{},"tags":[]},{"ancestorTitles":["AC1: calculateHoldAmount"],"fullName":"AC1: calculateHoldAmount sums fixed + token for mixed pricing model","status":"passed","title":"sums fixed + token for mixed pricing model","duration":0.8696439999999939,"failureMessages":[],"meta":{},"tags":[]},{"ancestorTitles":["AC1: calculateHoldAmount"],"fullName":"AC1: calculateHoldAmount uses default token limits when null","status":"passed","title":"uses default token limits when null","duration":0.8539999999999281,"failureMessages":[],"meta":{},"tags":[]},{"ancestorTitles":["AC1: calculateHoldAmount"],"fullName":"AC1: calculateHoldAmount returns 0 for free model","status":"passed","title":"returns 0 for free model","duration":0.700285000000008,"failureMessages":[],"meta":{},"tags":[]},{"ancestorTitles":["AC2: Insufficient balance"],"fullName":"AC2: Insufficient balance rejects hold when balance is zero and model costs credits","status":"passed","title":"rejects hold when balance is zero and model costs credits","duration":9.762643000000025,"failureMessages":[],"meta":{},"tags":[]},{"ancestorTitles":["AC2: Insufficient balance"],"fullName":"AC2: Insufficient balance creates hold when balance is sufficient","status":"passed","title":"creates hold when balance is sufficient","duration":5.473465999999917,"failureMessages":[],"meta":{},"tags":[]},{"ancestorTitles":["AC2: Insufficient balance"],"fullName":"AC2: Insufficient balance allows zero-cost hold for free model regardless of balance","status":"passed","title":"allows zero-cost hold for free model regardless of balance","duration":2.6810560000000123,"failureMessages":[],"meta":{},"tags":[]},{"ancestorTitles":["AC3: Settlement"],"fullName":"AC3: Settlement settles with actual cost and releases excess","status":"passed","title":"settles with actual cost and releases excess","duration":5.34220700000003,"failureMessages":[],"meta":{},"tags":[]},{"ancestorTitles":["AC3: Settlement"],"fullName":"AC3: Settlement settles with zero usage, releasing full hold","status":"passed","title":"settles with zero usage, releasing full hold","duration":5.059886000000006,"failureMessages":[],"meta":{},"tags":[]},{"ancestorTitles":["AC3: Settlement"],"fullName":"AC3: Settlement does not credit back more than hold amount","status":"passed","title":"does not credit back more than hold amount","duration":5.153787000000079,"failureMessages":[],"meta":{},"tags":[]},{"ancestorTitles":["AC3: Settlement"],"fullName":"AC3: Settlement settles token pricing per 1,000 input and output tokens","status":"passed","title":"settles token pricing per 1,000 input and output tokens","duration":6.3459759999999505,"failureMessages":[],"meta":{},"tags":[]},{"ancestorTitles":["AC4: Release"],"fullName":"AC4: Release releases full hold on provider failure","status":"passed","title":"releases full hold on provider failure","duration":4.537232000000017,"failureMessages":[],"meta":{},"tags":[]},{"ancestorTitles":["AC4: Release"],"fullName":"AC4: Release releases expired holds via compensation job","status":"passed","title":"releases expired holds via compensation job","duration":12.289461999999958,"failureMessages":[],"meta":{},"tags":[]},{"ancestorTitles":["AC4: Release"],"fullName":"AC4: Release does not release already-released hold","status":"passed","title":"does not release already-released hold","duration":6.131635000000074,"failureMessages":[],"meta":{},"tags":[]},{"ancestorTitles":["AC5: Idempotency and concurrency safety"],"fullName":"AC5: Idempotency and concurrency safety does not double-settle same hold","status":"passed","title":"does not double-settle same hold","duration":4.335106999999994,"failureMessages":[],"meta":{},"tags":[]},{"ancestorTitles":["AC5: Idempotency and concurrency safety"],"fullName":"AC5: Idempotency and concurrency safety cannot settle a released hold","status":"passed","title":"cannot settle a released hold","duration":4.330934999999954,"failureMessages":[],"meta":{},"tags":[]},{"ancestorTitles":["AC5: Idempotency and concurrency safety"],"fullName":"AC5: Idempotency and concurrency safety concurrent holds do not make balance negative","status":"passed","title":"concurrent holds do not make balance negative","duration":3.3546440000000075,"failureMessages":[],"meta":{},"tags":[]}],"startTime":1786531340826,"endTime":1786531340917.3547,"status":"passed","message":"","name":"/home/aidenwu/Documents/careerpilot/src/lib/ai/credit-hold-service.test.ts"},{"assertionResults":[{"ancestorTitles":["US-087 AC1-AC3: Full ToB org quota lifecycle"],"fullName":"US-087 AC1-AC3: Full ToB org quota lifecycle creates an org, allocates quota, assigns admin, adds member, and member AI action charges org not personal","status":"passed","title":"creates an org, allocates quota, assigns admin, adds member, and member AI action charges org not personal","duration":19.40348199999994,"failureMessages":[],"meta":{},"tags":[]},{"ancestorTitles":["US-087 AC4: Organization usage matches ledger"],"fullName":"US-087 AC4: Organization usage matches ledger org usage totals equal ledger consumption sum, broken down by member and model","status":"passed","title":"org usage totals equal ledger consumption sum, broken down by member and model","duration":13.343014999999923,"failureMessages":[],"meta":{},"tags":[]},{"ancestorTitles":["US-087 AC5: Cross-organization data isolation"],"fullName":"US-087 AC5: Cross-organization data isolation org B cannot read org A's operations, members, quota, or usage by changing IDs","status":"passed","title":"org B cannot read org A's operations, members, quota, or usage by changing IDs","duration":14.115383000000065,"failureMessages":[],"meta":{},"tags":[]},{"ancestorTitles":["US-087 AC6: Quota exhaustion and member removal reject before provider"],"fullName":"US-087 AC6: Quota exhaustion and member removal reject before provider rejects AI request when org quota is insufficient","status":"passed","title":"rejects AI request when org quota is insufficient","duration":5.392965000000004,"failureMessages":[],"meta":{},"tags":[]},{"ancestorTitles":["US-087 AC6: Quota exhaustion and member removal reject before provider"],"fullName":"US-087 AC6: Quota exhaustion and member removal reject before provider rejects AI request after member is removed from org (falls back to personal)","status":"passed","title":"rejects AI request after member is removed from org (falls back to personal)","duration":11.632233999999926,"failureMessages":[],"meta":{},"tags":[]},{"ancestorTitles":["US-087 AC7: No plaintext key or cross-tenant data in org records"],"fullName":"US-087 AC7: No plaintext key or cross-tenant data in org records org AI operation records do not contain API keys or master keys","status":"passed","title":"org AI operation records do not contain API keys or master keys","duration":6.391832999999906,"failureMessages":[],"meta":{},"tags":[]},{"ancestorTitles":["US-087 AC7: No plaintext key or cross-tenant data in org records"],"fullName":"US-087 AC7: No plaintext key or cross-tenant data in org records failed org AI attempts sanitize provider error messages","status":"passed","title":"failed org AI attempts sanitize provider error messages","duration":7.701174000000037,"failureMessages":[],"meta":{},"tags":[]},{"ancestorTitles":["US-087: Suspended org billing isolation"],"fullName":"US-087: Suspended org billing isolation member of suspended org falls back to personal context (org status excluded from active query)","status":"passed","title":"member of suspended org falls back to personal context (org status excluded from active query)","duration":3.967032999999901,"failureMessages":[],"meta":{},"tags":[]}],"startTime":1786531339654,"endTime":1786531339740.967,"status":"passed","message":"","name":"/home/aidenwu/Documents/careerpilot/src/lib/ai/e2e-tob-org.test.ts"},{"assertionResults":[{"ancestorTitles":["US-086 AC1-AC3: Full ToC managed AI lifecycle"],"fullName":"US-086 AC1-AC3: Full ToC managed AI lifecycle registers a user, completes an AI optimization, and settles exactly once","status":"passed","title":"registers a user, completes an AI optimization, and settles exactly once","duration":42.88337000000001,"failureMessages":[],"meta":{},"tags":[]},{"ancestorTitles":["US-086 AC4: Data persistence after AI operation"],"fullName":"US-086 AC4: Data persistence after AI operation operation result, balance, and transaction persist when re-queried","status":"passed","title":"operation result, balance, and transaction persist when re-queried","duration":9.32136000000014,"failureMessages":[],"meta":{},"tags":[]},{"ancestorTitles":["US-086 AC4: Data persistence after AI operation"],"fullName":"US-086 AC4: Data persistence after AI operation idempotent replay returns same operation without double charging","status":"passed","title":"idempotent replay returns same operation without double charging","duration":8.338524000000007,"failureMessages":[],"meta":{},"tags":[]},{"ancestorTitles":["US-086 AC5: Insufficient credits rejection"],"fullName":"US-086 AC5: Insufficient credits rejection returns INSUFFICIENT_CREDITS without calling provider or mutating ledger","status":"passed","title":"returns INSUFFICIENT_CREDITS without calling provider or mutating ledger","duration":7.0763580000000275,"failureMessages":[],"meta":{},"tags":[]},{"ancestorTitles":["US-086 AC6: Cross-user data isolation"],"fullName":"US-086 AC6: Cross-user data isolation user B cannot access user A's resume, operations, ledger, or export","status":"passed","title":"user B cannot access user A's resume, operations, ledger, or export","duration":16.285367999999835,"failureMessages":[],"meta":{},"tags":[]},{"ancestorTitles":["US-086 AC7: No plaintext key or full prompt in records"],"fullName":"US-086 AC7: No plaintext key or full prompt in records operation metadata and attempt records do not contain API keys or full prompts","status":"passed","title":"operation metadata and attempt records do not contain API keys or full prompts","duration":10.641594999999825,"failureMessages":[],"meta":{},"tags":[]},{"ancestorTitles":["US-086 AC7: No plaintext key or full prompt in records"],"fullName":"US-086 AC7: No plaintext key or full prompt in records failed provider attempts store sanitized error messages","status":"passed","title":"failed provider attempts store sanitized error messages","duration":10.599812999999813,"failureMessages":[],"meta":{},"tags":[]},{"ancestorTitles":["US-086: Registration grant enables first AI operation"],"fullName":"US-086: Registration grant enables first AI operation newly registered user can immediately use managed AI with registration grant","status":"passed","title":"newly registered user can immediately use managed AI with registration grant","duration":8.243144999999913,"failureMessages":[],"meta":{},"tags":[]}],"startTime":1786531339806,"endTime":1786531339922.2432,"status":"passed","message":"","name":"/home/aidenwu/Documents/careerpilot/src/lib/ai/e2e-toc-ai.test.ts"},{"assertionResults":[{"ancestorTitles":["AC1: Multiple attempts linked to same operation"],"fullName":"AC1: Multiple attempts linked to same operation creates multiple attempts when retries are needed","status":"passed","title":"creates multiple attempts when retries are needed","duration":20.448129999999992,"failureMessages":[],"meta":{},"tags":[]},{"ancestorTitles":["AC1: Multiple attempts linked to same operation"],"fullName":"AC1: Multiple attempts linked to same operation each attempt has incrementing attemptNumber","status":"passed","title":"each attempt has incrementing attemptNumber","duration":10.669548000000077,"failureMessages":[],"meta":{},"tags":[]},{"ancestorTitles":["AC2: Retry limit from model rules"],"fullName":"AC2: Retry limit from model rules respects maxSteps from model config","status":"passed","title":"respects maxSteps from model config","duration":11.069907000000057,"failureMessages":[],"meta":{},"tags":[]},{"ancestorTitles":["AC2: Retry limit from model rules"],"fullName":"AC2: Retry limit from model rules does not infinite retry on parse failure","status":"passed","title":"does not infinite retry on parse failure","duration":6.340527999999949,"failureMessages":[],"meta":{},"tags":[]},{"ancestorTitles":["AC2: Retry limit from model rules"],"fullName":"AC2: Retry limit from model rules succeeds on first try with no retries","status":"passed","title":"succeeds on first try with no retries","duration":5.770404000000099,"failureMessages":[],"meta":{},"tags":[]},{"ancestorTitles":["AC3: Idempotent replay"],"fullName":"AC3: Idempotent replay returns cached result on duplicate idempotency key","status":"passed","title":"returns cached result on duplicate idempotency key","duration":11.492085999999972,"failureMessages":[],"meta":{},"tags":[]},{"ancestorTitles":["AC3: Idempotent replay"],"fullName":"AC3: Idempotent replay does not deduct credits on replay","status":"passed","title":"does not deduct credits on replay","duration":8.100199999999859,"failureMessages":[],"meta":{},"tags":[]},{"ancestorTitles":["AC4: Per-attempt usage and status"],"fullName":"AC4: Per-attempt usage and status each attempt records usage data","status":"passed","title":"each attempt records usage data","duration":5.454478000000108,"failureMessages":[],"meta":{},"tags":[]},{"ancestorTitles":["AC4: Per-attempt usage and status"],"fullName":"AC4: Per-attempt usage and status failed attempts record error messages","status":"passed","title":"failed attempts record error messages","duration":9.761799999999994,"failureMessages":[],"meta":{},"tags":[]},{"ancestorTitles":["AC4: Per-attempt usage and status"],"fullName":"AC4: Per-attempt usage and status releases full hold when all attempts fail","status":"passed","title":"releases full hold when all attempts fail","duration":7.153735000000097,"failureMessages":[],"meta":{},"tags":[]},{"ancestorTitles":["AC5: Sensitive data not persisted"],"fullName":"AC5: Sensitive data not persisted error messages do not contain API keys","status":"passed","title":"error messages do not contain API keys","duration":6.066299000000072,"failureMessages":[],"meta":{},"tags":[]},{"ancestorTitles":["AC5: Sensitive data not persisted"],"fullName":"AC5: Sensitive data not persisted error messages do not contain URLs","status":"passed","title":"error messages do not contain URLs","duration":4.706421999999975,"failureMessages":[],"meta":{},"tags":[]},{"ancestorTitles":["AC5: Sensitive data not persisted"],"fullName":"AC5: Sensitive data not persisted does not store prompt or resume text in attempt records","status":"passed","title":"does not store prompt or resume text in attempt records","duration":5.12796400000002,"failureMessages":[],"meta":{},"tags":[]}],"startTime":1786531340842,"endTime":1786531340955.128,"status":"passed","message":"","name":"/home/aidenwu/Documents/careerpilot/src/lib/ai/gateway-retry.test.ts"},{"assertionResults":[{"ancestorTitles":["AC1: Authorization and hold before streaming"],"fullName":"AC1: Authorization and hold before streaming returns a stream after hold is secured","status":"passed","title":"returns a stream after hold is secured","duration":26.221555999999964,"failureMessages":[],"meta":{},"tags":[]},{"ancestorTitles":["AC1: Authorization and hold before streaming"],"fullName":"AC1: Authorization and hold before streaming rejects on model not found without calling dispatch","status":"passed","title":"rejects on model not found without calling dispatch","duration":5.039003000000093,"failureMessages":[],"meta":{},"tags":[]},{"ancestorTitles":["AC1: Authorization and hold before streaming"],"fullName":"AC1: Authorization and hold before streaming rejects on insufficient credits without calling dispatch","status":"passed","title":"rejects on insufficient credits without calling dispatch","duration":9.461201000000074,"failureMessages":[],"meta":{},"tags":[]},{"ancestorTitles":["AC2: Settlement and release"],"fullName":"AC2: Settlement and release settles hold after stream completes normally","status":"passed","title":"settles hold after stream completes normally","duration":60.67650600000002,"failureMessages":[],"meta":{},"tags":[]},{"ancestorTitles":["AC3: Distinct operation states for failures"],"fullName":"AC3: Distinct operation states for failures marks operation as cancelled when client disconnects","status":"passed","title":"marks operation as cancelled when client disconnects","duration":55.68700199999989,"failureMessages":[],"meta":{},"tags":[]},{"ancestorTitles":["AC3: Distinct operation states for failures"],"fullName":"AC3: Distinct operation states for failures creates trackable operation and attempt records","status":"passed","title":"creates trackable operation and attempt records","duration":8.18811699999992,"failureMessages":[],"meta":{},"tags":[]},{"ancestorTitles":["AC5: Duplicate idempotency key handling"],"fullName":"AC5: Duplicate idempotency key handling rejects duplicate idempotency key for streaming","status":"passed","title":"rejects duplicate idempotency key for streaming","duration":6.118598999999904,"failureMessages":[],"meta":{},"tags":[]}],"startTime":1786531339621,"endTime":1786531339793.1187,"status":"passed","message":"","name":"/home/aidenwu/Documents/careerpilot/src/lib/ai/gateway-streaming.test.ts"},{"assertionResults":[{"ancestorTitles":["AC1: Gateway input contract"],"fullName":"AC1: Gateway input contract executeAiOperation params do not accept client key/provider/baseUrl","status":"passed","title":"executeAiOperation params do not accept client key/provider/baseUrl","duration":4.136034999999993,"failureMessages":[],"meta":{},"tags":[]},{"ancestorTitles":["AC2/AC5: Rejection paths make zero provider calls"],"fullName":"AC2/AC5: Rejection paths make zero provider calls rejects on model not found without calling dispatch","status":"passed","title":"rejects on model not found without calling dispatch","duration":9.570933999999966,"failureMessages":[],"meta":{},"tags":[]},{"ancestorTitles":["AC2/AC5: Rejection paths make zero provider calls"],"fullName":"AC2/AC5: Rejection paths make zero provider calls rejects on capability mismatch without calling dispatch","status":"passed","title":"rejects on capability mismatch without calling dispatch","duration":3.5149180000000797,"failureMessages":[],"meta":{},"tags":[]},{"ancestorTitles":["AC2/AC5: Rejection paths make zero provider calls"],"fullName":"AC2/AC5: Rejection paths make zero provider calls rejects on insufficient credits without calling dispatch","status":"passed","title":"rejects on insufficient credits without calling dispatch","duration":6.285001000000079,"failureMessages":[],"meta":{},"tags":[]},{"ancestorTitles":["AC2/AC5: Rejection paths make zero provider calls"],"fullName":"AC2/AC5: Rejection paths make zero provider calls rejects on rate limit without calling dispatch","status":"passed","title":"rejects on rate limit without calling dispatch","duration":6.784878999999933,"failureMessages":[],"meta":{},"tags":[]},{"ancestorTitles":["AC3: Operation and attempt records"],"fullName":"AC3: Operation and attempt records creates an operation record on success","status":"passed","title":"creates an operation record on success","duration":7.6053699999999935,"failureMessages":[],"meta":{},"tags":[]},{"ancestorTitles":["AC3: Operation and attempt records"],"fullName":"AC3: Operation and attempt records creates at least one provider attempt on success","status":"passed","title":"creates at least one provider attempt on success","duration":5.532422999999994,"failureMessages":[],"meta":{},"tags":[]},{"ancestorTitles":["AC3: Operation and attempt records"],"fullName":"AC3: Operation and attempt records creates operation record even on dispatch failure","status":"passed","title":"creates operation record even on dispatch failure","duration":11.967648999999938,"failureMessages":[],"meta":{},"tags":[]},{"ancestorTitles":["AC3: Operation and attempt records"],"fullName":"AC3: Operation and attempt records idempotency key is unique per operation","status":"passed","title":"idempotency key is unique per operation","duration":6.089836999999989,"failureMessages":[],"meta":{},"tags":[]},{"ancestorTitles":["AC4: Response data safety"],"fullName":"AC4: Response data safety response does not contain API keys or credentials","status":"passed","title":"response does not contain API keys or credentials","duration":9.52071699999999,"failureMessages":[],"meta":{},"tags":[]},{"ancestorTitles":["AC4: Response data safety"],"fullName":"AC4: Response data safety dispatch context contains model identifier but not credentials in response","status":"passed","title":"dispatch context contains model identifier but not credentials in response","duration":4.473222000000078,"failureMessages":[],"meta":{},"tags":[]},{"ancestorTitles":["Full success flow"],"fullName":"Full success flow returns business result with operation and attempt IDs","status":"passed","title":"returns business result with operation and attempt IDs","duration":6.52338199999997,"failureMessages":[],"meta":{},"tags":[]},{"ancestorTitles":["Full success flow"],"fullName":"Full success flow settles the hold after success","status":"passed","title":"settles the hold after success","duration":5.7758349999999155,"failureMessages":[],"meta":{},"tags":[]},{"ancestorTitles":["Full success flow"],"fullName":"Full success flow releases hold after dispatch failure","status":"passed","title":"releases hold after dispatch failure","duration":7.6703679999999395,"failureMessages":[],"meta":{},"tags":[]}],"startTime":1786531339744,"endTime":1786531339840.6704,"status":"passed","message":"","name":"/home/aidenwu/Documents/careerpilot/src/lib/ai/gateway.test.ts"},{"assertionResults":[{"ancestorTitles":["managed image dispatch"],"fullName":"managed image dispatch dispatches Google image edits with managed headers and usage","status":"passed","title":"dispatches Google image edits with managed headers and usage","duration":38.94455599999998,"failureMessages":[],"meta":{},"tags":[]},{"ancestorTitles":["managed image dispatch"],"fullName":"managed image dispatch dispatches OpenAI image edits through the catalog provider","status":"passed","title":"dispatches OpenAI image edits through the catalog provider","duration":3.9322609999999827,"failureMessages":[],"meta":{},"tags":[]},{"ancestorTitles":["managed image dispatch"],"fullName":"managed image dispatch dispatches ERNIE image edits through Qianfan v2","status":"passed","title":"dispatches ERNIE image edits through Qianfan v2","duration":3.2410020000000372,"failureMessages":[],"meta":{},"tags":[]},{"ancestorTitles":["managed image dispatch"],"fullName":"managed image dispatch uses a separately configured upscaler for the GPT 4K delivery tier","status":"passed","title":"uses a separately configured upscaler for the GPT 4K delivery tier","duration":1.383621000000005,"failureMessages":[],"meta":{},"tags":[]},{"ancestorTitles":["managed image dispatch"],"fullName":"managed image dispatch rejects unsupported and non-allowlisted providers","status":"passed","title":"rejects unsupported and non-allowlisted providers","duration":6.929596000000004,"failureMessages":[],"meta":{},"tags":[]},{"ancestorTitles":["managed image dispatch"],"fullName":"managed image dispatch classifies provider failures without retaining the upstream body","status":"passed","title":"classifies provider failures without retaining the upstream body","duration":1.0811600000000112,"failureMessages":[],"meta":{},"tags":[]}],"startTime":1786531340717,"endTime":1786531340773.081,"status":"passed","message":"","name":"/home/aidenwu/Documents/careerpilot/src/lib/ai/image-dispatch.test.ts"},{"assertionResults":[{"ancestorTitles":["US-050: Legacy BYOK detection","detectLegacyByokHeaders"],"fullName":"US-050: Legacy BYOK detection detectLegacyByokHeaders returns empty array when no legacy headers present","status":"passed","title":"returns empty array when no legacy headers present","duration":31.203253000000018,"failureMessages":[],"meta":{},"tags":[]},{"ancestorTitles":["US-050: Legacy BYOK detection","detectLegacyByokHeaders"],"fullName":"US-050: Legacy BYOK detection detectLegacyByokHeaders detects x-api-key header","status":"passed","title":"detects x-api-key header","duration":1.2171940000000063,"failureMessages":[],"meta":{},"tags":[]},{"ancestorTitles":["US-050: Legacy BYOK detection","detectLegacyByokHeaders"],"fullName":"US-050: Legacy BYOK detection detectLegacyByokHeaders detects x-provider header","status":"passed","title":"detects x-provider header","duration":0.518318000000022,"failureMessages":[],"meta":{},"tags":[]},{"ancestorTitles":["US-050: Legacy BYOK detection","detectLegacyByokHeaders"],"fullName":"US-050: Legacy BYOK detection detectLegacyByokHeaders detects x-base-url header","status":"passed","title":"detects x-base-url header","duration":0.5553899999999885,"failureMessages":[],"meta":{},"tags":[]},{"ancestorTitles":["US-050: Legacy BYOK detection","detectLegacyByokHeaders"],"fullName":"US-050: Legacy BYOK detection detectLegacyByokHeaders detects x-model header","status":"passed","title":"detects x-model header","duration":0.6034399999999778,"failureMessages":[],"meta":{},"tags":[]},{"ancestorTitles":["US-050: Legacy BYOK detection","detectLegacyByokHeaders"],"fullName":"US-050: Legacy BYOK detection detectLegacyByokHeaders detects multiple legacy headers at once","status":"passed","title":"detects multiple legacy headers at once","duration":1.0591730000000439,"failureMessages":[],"meta":{},"tags":[]},{"ancestorTitles":["US-050: Legacy BYOK detection","detectLegacyByokBody"],"fullName":"US-050: Legacy BYOK detection detectLegacyByokBody returns empty array for clean body","status":"passed","title":"returns empty array for clean body","duration":0.3006599999999935,"failureMessages":[],"meta":{},"tags":[]},{"ancestorTitles":["US-050: Legacy BYOK detection","detectLegacyByokBody"],"fullName":"US-050: Legacy BYOK detection detectLegacyByokBody returns empty array for null/undefined","status":"passed","title":"returns empty array for null/undefined","duration":0.21830700000003844,"failureMessages":[],"meta":{},"tags":[]},{"ancestorTitles":["US-050: Legacy BYOK detection","detectLegacyByokBody"],"fullName":"US-050: Legacy BYOK detection detectLegacyByokBody returns empty array for arrays","status":"passed","title":"returns empty array for arrays","duration":0.48081200000001445,"failureMessages":[],"meta":{},"tags":[]},{"ancestorTitles":["US-050: Legacy BYOK detection","detectLegacyByokBody"],"fullName":"US-050: Legacy BYOK detection detectLegacyByokBody detects apiKey in body","status":"passed","title":"detects apiKey in body","duration":0.3567639999999983,"failureMessages":[],"meta":{},"tags":[]},{"ancestorTitles":["US-050: Legacy BYOK detection","detectLegacyByokBody"],"fullName":"US-050: Legacy BYOK detection detectLegacyByokBody detects api_key in body","status":"passed","title":"detects api_key in body","duration":0.3071640000000002,"failureMessages":[],"meta":{},"tags":[]},{"ancestorTitles":["US-050: Legacy BYOK detection","detectLegacyByokBody"],"fullName":"US-050: Legacy BYOK detection detectLegacyByokBody detects provider in body","status":"passed","title":"detects provider in body","duration":0.21263100000004442,"failureMessages":[],"meta":{},"tags":[]},{"ancestorTitles":["US-050: Legacy BYOK detection","detectLegacyByokBody"],"fullName":"US-050: Legacy BYOK detection detectLegacyByokBody detects baseURL in body","status":"passed","title":"detects baseURL in body","duration":0.18716899999998304,"failureMessages":[],"meta":{},"tags":[]},{"ancestorTitles":["US-050: Legacy BYOK detection","detectLegacyByokBody"],"fullName":"US-050: Legacy BYOK detection detectLegacyByokBody detects baseUrl in body","status":"passed","title":"detects baseUrl in body","duration":0.22468800000001465,"failureMessages":[],"meta":{},"tags":[]},{"ancestorTitles":["US-050: Legacy BYOK detection","detectLegacyByokBody"],"fullName":"US-050: Legacy BYOK detection detectLegacyByokBody ignores empty/null values","status":"passed","title":"ignores empty/null values","duration":0.1677530000000047,"failureMessages":[],"meta":{},"tags":[]},{"ancestorTitles":["US-050: Legacy BYOK detection","detectLegacyByokBody"],"fullName":"US-050: Legacy BYOK detection detectLegacyByokBody detects multiple body fields","status":"passed","title":"detects multiple body fields","duration":0.21253500000000258,"failureMessages":[],"meta":{},"tags":[]},{"ancestorTitles":["US-050: Legacy BYOK detection","warnLegacyByok"],"fullName":"US-050: Legacy BYOK detection warnLegacyByok logs sanitized warning when legacy headers detected","status":"passed","title":"logs sanitized warning when legacy headers detected","duration":1.440266999999949,"failureMessages":[],"meta":{},"tags":[]},{"ancestorTitles":["US-050: Legacy BYOK detection","warnLegacyByok"],"fullName":"US-050: Legacy BYOK detection warnLegacyByok does not log when no legacy headers","status":"passed","title":"does not log when no legacy headers","duration":1.182971000000009,"failureMessages":[],"meta":{},"tags":[]},{"ancestorTitles":["US-050: Legacy BYOK detection","warnLegacyByok"],"fullName":"US-050: Legacy BYOK detection warnLegacyByok detects body apiKey in JSON request","status":"passed","title":"detects body apiKey in JSON request","duration":2.7565079999999966,"failureMessages":[],"meta":{},"tags":[]},{"ancestorTitles":["US-050: Legacy BYOK detection","warnLegacyByok"],"fullName":"US-050: Legacy BYOK detection warnLegacyByok preserves request body for downstream consumers after detection","status":"passed","title":"preserves request body for downstream consumers after detection","duration":2.014127999999971,"failureMessages":[],"meta":{},"tags":[]},{"ancestorTitles":["US-050: Legacy BYOK detection","warnLegacyByok"],"fullName":"US-050: Legacy BYOK detection warnLegacyByok handles non-JSON content type without body detection","status":"passed","title":"handles non-JSON content type without body detection","duration":0.4664730000000077,"failureMessages":[],"meta":{},"tags":[]},{"ancestorTitles":["US-050: Legacy BYOK detection","warnLegacyByok"],"fullName":"US-050: Legacy BYOK detection warnLegacyByok handles invalid JSON body gracefully","status":"passed","title":"handles invalid JSON body gracefully","duration":0.8827069999999821,"failureMessages":[],"meta":{},"tags":[]},{"ancestorTitles":["US-050: Legacy BYOK detection","warnLegacyByok"],"fullName":"US-050: Legacy BYOK detection warnLegacyByok detects both headers and body fields simultaneously","status":"passed","title":"detects both headers and body fields simultaneously","duration":0.8684200000000146,"failureMessages":[],"meta":{},"tags":[]}],"startTime":1786531340317,"endTime":1786531340365.8684,"status":"passed","message":"","name":"/home/aidenwu/Documents/careerpilot/src/lib/ai/legacy-detect.test.ts"},{"assertionResults":[{"ancestorTitles":["plan-bound model access"],"fullName":"plan-bound model access only exposes the free plan model before purchase","status":"passed","title":"only exposes the free plan model before purchase","duration":11.74519100000009,"failureMessages":[],"meta":{},"tags":[]},{"ancestorTitles":["plan-bound model access"],"fullName":"plan-bound model access adds the purchased plan model after payment","status":"passed","title":"adds the purchased plan model after payment","duration":5.054364999999962,"failureMessages":[],"meta":{},"tags":[]}],"startTime":1786531341618,"endTime":1786531341635.0544,"status":"passed","message":"","name":"/home/aidenwu/Documents/careerpilot/src/lib/ai/model-plan-access.test.ts"},{"assertionResults":[{"ancestorTitles":["updateSection — list field validation (issue #69)"],"fullName":"updateSection — list field validation (issue #69) accepts a correct JSON array for items and writes an array","status":"passed","title":"accepts a correct JSON array for items and writes an array","duration":4.715317000000027,"failureMessages":[],"meta":{},"tags":[]},{"ancestorTitles":["updateSection — list field validation (issue #69)"],"fullName":"updateSection — list field validation (issue #69) recovers a double-encoded JSON array string into a real array","status":"passed","title":"recovers a double-encoded JSON array string into a real array","duration":1.906045000000006,"failureMessages":[],"meta":{},"tags":[]},{"ancestorTitles":["updateSection — list field validation (issue #69)"],"fullName":"updateSection — list field validation (issue #69) rejects a plain text string for items and does NOT write to the DB","status":"passed","title":"rejects a plain text string for items and does NOT write to the DB","duration":2.0162600000000452,"failureMessages":[],"meta":{},"tags":[]},{"ancestorTitles":["updateSection — list field validation (issue #69)"],"fullName":"updateSection — list field validation (issue #69) rejects an object value for items and does NOT write to the DB","status":"passed","title":"rejects an object value for items and does NOT write to the DB","duration":3.085895999999991,"failureMessages":[],"meta":{},"tags":[]},{"ancestorTitles":["updateSection — list field validation (issue #69)"],"fullName":"updateSection — list field validation (issue #69) unwraps an object that wraps an items array","status":"passed","title":"unwraps an object that wraps an items array","duration":1.7368690000000129,"failureMessages":[],"meta":{},"tags":[]},{"ancestorTitles":["updateSection — list field validation (issue #69)"],"fullName":"updateSection — list field validation (issue #69) recovers a double-encoded categories string for skills","status":"passed","title":"recovers a double-encoded categories string for skills","duration":3.438860000000034,"failureMessages":[],"meta":{},"tags":[]},{"ancestorTitles":["updateSection — list field validation (issue #69)"],"fullName":"updateSection — list field validation (issue #69) coerces an item.highlights written as a string into an array (issue #87)","status":"passed","title":"coerces an item.highlights written as a string into an array (issue #87)","duration":2.250857999999994,"failureMessages":[],"meta":{},"tags":[]},{"ancestorTitles":["updateSection — list field validation (issue #69)"],"fullName":"updateSection — list field validation (issue #69) coerces a category.skills written as a string into an array (issue #87)","status":"passed","title":"coerces a category.skills written as a string into an array (issue #87)","duration":1.538630000000012,"failureMessages":[],"meta":{},"tags":[]}],"startTime":1786531341177,"endTime":1786531341197.5386,"status":"passed","message":"","name":"/home/aidenwu/Documents/careerpilot/src/lib/ai/tools.test.ts"},{"assertionResults":[{"ancestorTitles":["ToC billing service"],"fullName":"ToC billing service creates 
[...]
eway rejects request with no file","status":"passed","title":"rejects request with no file","duration":2.9632369999999355,"failureMessages":[],"meta":{},"tags":[]}],"startTime":1786531339627,"endTime":1786531339764.9631,"status":"passed","message":"","name":"/home/aidenwu/Documents/careerpilot/src/app/api/resume/parse/resume-parse-gateway.test.ts"},{"assertionResults":[{"ancestorTitles":["GET /api/user/nav-context teacher visibility"],"fullName":"GET /api/user/nav-context teacher visibility does not infer teacher access from super_admin or org_admin","status":"passed","title":"does not infer teacher access from super_admin or org_admin","duration":7.039324000000022,"failureMessages":[],"meta":{},"tags":[]},{"ancestorTitles":["GET /api/user/nav-context teacher visibility"],"fullName":"GET /api/user/nav-context teacher visibility shows teacher navigation only for a role with an active student workspace","status":"passed","title":"shows teacher navigation only for a role with an active student workspace","duration":1.8378829999999766,"failureMessages":[],"meta":{},"tags":[]}],"startTime":1786531341540,"endTime":1786531341548.838,"status":"passed","message":"","name":"/home/aidenwu/Documents/careerpilot/src/app/api/user/nav-context/route.test.ts"},{"assertionResults":[{"ancestorTitles":["US-047: Interview chat via gateway"],"fullName":"US-047: Interview chat via gateway streams interview chat on success","status":"passed","title":"streams interview chat on success","duration":23.175837,"failureMessages":[],"meta":{},"tags":[]},{"ancestorTitles":["US-047: Interview chat via gateway"],"fullName":"US-047: Interview chat via gateway rejects cross-user session with 404","status":"passed","title":"rejects cross-user session with 404","duration":5.6075029999999515,"failureMessages":[],"meta":{},"tags":[]},{"ancestorTitles":["US-047: Interview chat via gateway"],"fullName":"US-047: Interview chat via gateway rejects unauthenticated user","status":"passed","title":"rejects unauthenticated user","duration":3.5458759999999074,"failureMessages":[],"meta":{},"tags":[]},{"ancestorTitles":["US-047: Interview chat via gateway"],"fullName":"US-047: Interview chat via gateway returns error on insufficient credits","status":"passed","title":"returns error on insufficient credits","duration":7.051355000000058,"failureMessages":[],"meta":{},"tags":[]},{"ancestorTitles":["US-047: Interview chat via gateway"],"fullName":"US-047: Interview chat via gateway ignores client-supplied x-api-key header","status":"passed","title":"ignores client-supplied x-api-key header","duration":8.287110999999868,"failureMessages":[],"meta":{},"tags":[]}],"startTime":1786531341215,"endTime":1786531341263.287,"status":"passed","message":"","name":"/home/aidenwu/Documents/careerpilot/src/app/api/interview/[id]/chat/interview-chat-gateway.test.ts"},{"assertionResults":[{"ancestorTitles":["US-048: Interview report via gateway"],"fullName":"US-048: Interview report via gateway generates report on success","status":"passed","title":"generates report on success","duration":25.732573000000002,"failureMessages":[],"meta":{},"tags":[]},{"ancestorTitles":["US-048: Interview report via gateway"],"fullName":"US-048: Interview report via gateway GET returns existing report","status":"passed","title":"GET returns existing report","duration":10.860368999999992,"failureMessages":[],"meta":{},"tags":[]},{"ancestorTitles":["US-048: Interview report via gateway"],"fullName":"US-048: Interview report via gateway rejects cross-user session with 404","status":"passed","title":"rejects cross-user session with 404","duration":4.629550999999992,"failureMessages":[],"meta":{},"tags":[]},{"ancestorTitles":["US-048: Interview report via gateway"],"fullName":"US-048: Interview report via gateway rejects unauthenticated user","status":"passed","title":"rejects unauthenticated user","duration":3.6293809999999667,"failureMessages":[],"meta":{},"tags":[]},{"ancestorTitles":["US-048: Interview report via gateway"],"fullName":"US-048: Interview report via gateway returns error on insufficient credits","status":"passed","title":"returns error on insufficient credits","duration":9.281344999999874,"failureMessages":[],"meta":{},"tags":[]},{"ancestorTitles":["US-048: Interview report via gateway"],"fullName":"US-048: Interview report via gateway returns error on provider failure","status":"passed","title":"returns error on provider failure","duration":8.783267999999907,"failureMessages":[],"meta":{},"tags":[]}],"startTime":1786531339623,"endTime":1786531339685.7832,"status":"passed","message":"","name":"/home/aidenwu/Documents/careerpilot/src/app/api/interview/[id]/report/interview-report-gateway.test.ts"},{"assertionResults":[{"ancestorTitles":["AC1: Super admin credit adjustment"],"fullName":"AC1: Super admin credit adjustment credits org balance","status":"passed","title":"credits org balance","duration":16.887893000000076,"failureMessages":[],"meta":{},"tags":[]},{"ancestorTitles":["AC1: Super admin credit adjustment"],"fullName":"AC1: Super admin credit adjustment debits org balance","status":"passed","title":"debits org balance","duration":4.98399900000004,"failureMessages":[],"meta":{},"tags":[]},{"ancestorTitles":["AC1: Super admin credit adjustment"],"fullName":"AC1: Super admin credit adjustment rejects missing reason","status":"passed","title":"rejects missing reason","duration":2.3440239999999903,"failureMessages":[],"meta":{},"tags":[]},{"ancestorTitles":["AC1: Super admin credit adjustment"],"fullName":"AC1: Super admin credit adjustment rejects missing idempotency key","status":"passed","title":"rejects missing idempotency key","duration":1.9042199999998957,"failureMessages":[],"meta":{},"tags":[]},{"ancestorTitles":["AC1: Super admin credit adjustment"],"fullName":"AC1: Super admin credit adjustment rejects non-super-admin","status":"passed","title":"rejects non-super-admin","duration":2.1278460000000905,"failureMessages":[],"meta":{},"tags":[]},{"ancestorTitles":["AC2: Insufficient credits protection"],"fullName":"AC2: Insufficient credits protection rejects debit exceeding balance","status":"passed","title":"rejects debit exceeding balance","duration":6.555526999999984,"failureMessages":[],"meta":{},"tags":[]},{"ancestorTitles":["AC3: Org admin read-only access"],"fullName":"AC3: Org admin read-only access org admin can read balance with full details","status":"passed","title":"org admin can read balance with full details","duration":3.01848700000005,"failureMessages":[],"meta":{},"tags":[]},{"ancestorTitles":["AC3: Org admin read-only access"],"fullName":"AC3: Org admin read-only access org admin can read transactions","status":"passed","title":"org admin can read transactions","duration":5.8331600000001345,"failureMessages":[],"meta":{},"tags":[]},{"ancestorTitles":["AC3: Org admin read-only access"],"fullName":"AC3: Org admin read-only access org admin cannot adjust credits","status":"passed","title":"org admin cannot adjust credits","duration":2.3564949999999953,"failureMessages":[],"meta":{},"tags":[]},{"ancestorTitles":["AC4: Regular member limited access"],"fullName":"AC4: Regular member limited access regular member sees limited balance summary","status":"passed","title":"regular member sees limited balance summary","duration":2.9248669999999493,"failureMessages":[],"meta":{},"tags":[]},{"ancestorTitles":["AC4: Regular member limited access"],"fullName":"AC4: Regular member limited access regular member cannot read transactions","status":"passed","title":"regular member cannot read transactions","duration":1.9993360000000848,"failureMessages":[],"meta":{},"tags":[]},{"ancestorTitles":["AC4: Regular member limited access"],"fullName":"AC4: Regular member limited access non-member gets 403","status":"passed","title":"non-member gets 403","duration":1.6353229999999712,"failureMessages":[],"meta":{},"tags":[]},{"ancestorTitles":["AC5: Cross-org accountId rejection"],"fullName":"AC5: Cross-org accountId rejection balance endpoint ignores accountId param","status":"passed","title":"balance endpoint ignores accountId param","duration":2.0889549999999417,"failureMessages":[],"meta":{},"tags":[]},{"ancestorTitles":["AC5: Cross-org accountId rejection"],"fullName":"AC5: Cross-org accountId rejection transactions endpoint ignores accountId param","status":"passed","title":"transactions endpoint ignores accountId param","duration":2.0309109999998327,"failureMessages":[],"meta":{},"tags":[]},{"ancestorTitles":["AC5: Cross-org accountId rejection"],"fullName":"AC5: Cross-org accountId rejection admin of org1 cannot access org2 balance","status":"passed","title":"admin of org1 cannot access org2 balance","duration":1.2098479999999654,"failureMessages":[],"meta":{},"tags":[]},{"ancestorTitles":["Idempotency"],"fullName":"Idempotency duplicate idempotent request returns same balance","status":"passed","title":"duplicate idempotent request returns same balance","duration":4.270363999999972,"failureMessages":[],"meta":{},"tags":[]}],"startTime":1786531341156,"endTime":1786531341219.2703,"status":"passed","message":"","name":"/home/aidenwu/Documents/careerpilot/src/app/api/organizations/[orgId]/credits/org-credits.test.ts"},{"assertionResults":[{"ancestorTitles":["AC1: Add member by email"],"fullName":"AC1: Add member by email adds a registered user as member","status":"passed","title":"adds a registered user as member","duration":18.090803999999935,"failureMessages":[],"meta":{},"tags":[]},{"ancestorTitles":["AC1: Add member by email"],"fullName":"AC1: Add member by email rejects non-existent user","status":"passed","title":"rejects non-existent user","duration":2.8897830000000795,"failureMessages":[],"meta":{},"tags":[]},{"ancestorTitles":["AC2: Duplicate, seat limit, conflicts"],"fullName":"AC2: Duplicate, seat limit, conflicts rejects duplicate active member","status":"passed","title":"rejects duplicate active member","duration":3.2506670000000213,"failureMessages":[],"meta":{},"tags":[]},{"ancestorTitles":["AC2: Duplicate, seat limit, conflicts"],"fullName":"AC2: Duplicate, seat limit, conflicts rejects when seat limit exceeded","status":"passed","title":"rejects when seat limit exceeded","duration":4.355366000000004,"failureMessages":[],"meta":{},"tags":[]},{"ancestorTitles":["AC2: Duplicate, seat limit, conflicts"],"fullName":"AC2: Duplicate, seat limit, conflicts allows re-adding a previously removed member","status":"passed","title":"allows re-adding a previously removed member","duration":4.6317750000000615,"failureMessages":[],"meta":{},"tags":[]},{"ancestorTitles":["AC2: Duplicate, seat limit, conflicts"],"fullName":"AC2: Duplicate, seat limit, conflicts rejects billing conflict when user is active in another org","status":"passed","title":"rejects billing conflict when user is active in another org","duration":4.018893000000162,"failureMessages":[],"meta":{},"tags":[]},{"ancestorTitles":["AC3: Org admin authorization"],"fullName":"AC3: Org admin authorization rejects non-admin user","status":"passed","title":"rejects non-admin user","duration":2.3142840000000433,"failureMessages":[],"meta":{},"tags":[]},{"ancestorTitles":["AC3: Org admin authorization"],"fullName":"AC3: Org admin authorization rejects org admin of different org","status":"passed","title":"rejects org admin of different org","duration":2.1157020000000557,"failureMessages":[],"meta":{},"tags":[]},{"ancestorTitles":["AC3: Org admin authorization"],"fullName":"AC3: Org admin authorization rejects unauthenticated","status":"passed","title":"rejects unauthenticated","duration":2.277484000000186,"failureMessages":[],"meta":{},"tags":[]},{"ancestorTitles":["AC3: Org admin authorization"],"fullName":"AC3: Org admin authorization super admin can add members to any org","status":"passed","title":"super admin can add members to any org","duration":2.991602000000057,"failureMessages":[],"meta":{},"tags":[]},{"ancestorTitles":["AC3: Org admin authorization"],"fullName":"AC3: Org admin authorization rejects adding super_admin as member","status":"passed","title":"rejects adding super_admin as member","duration":2.388431999999966,"failureMessages":[],"meta":{},"tags":[]},{"ancestorTitles":["AC3: Org admin authorization"],"fullName":"AC3: Org admin authorization rejects managing members of suspended org","status":"passed","title":"rejects managing members of suspended org","duration":2.112182999999959,"failureMessages":[],"meta":{},"tags":[]},{"ancestorTitles":["AC4: Remove member"],"fullName":"AC4: Remove member removes a member","status":"passed","title":"removes a member","duration":3.553233999999975,"failureMessages":[],"meta":{},"tags":[]},{"ancestorTitles":["AC4: Remove member"],"fullName":"AC4: Remove member preserves historical data after removal","status":"passed","title":"preserves historical data after removal","duration":2.9439300000001367,"failureMessages":[],"meta":{},"tags":[]},{"ancestorTitles":["AC4: Remove member"],"fullName":"AC4: Remove member rejects removing non-existent membership","status":"passed","title":"rejects removing non-existent membership","duration":1.9436850000001868,"failureMessages":[],"meta":{},"tags":[]},{"ancestorTitles":["AC4: Remove member"],"fullName":"AC4: Remove member rejects removing already-removed member","status":"passed","title":"rejects removing already-removed member","duration":6.454181999999946,"failureMessages":[],"meta":{},"tags":[]},{"ancestorTitles":["AC4: Remove member"],"fullName":"AC4: Remove member org admin cannot remove another org admin","status":"passed","title":"org admin cannot remove another org admin","duration":2.213809000000083,"failureMessages":[],"meta":{},"tags":[]},{"ancestorTitles":["AC5: Member response excludes sensitive data"],"fullName":"AC5: Member response excludes sensitive data member list does not include sensitive fields","status":"passed","title":"member list does not include sensitive fields","duration":3.9050090000000637,"failureMessages":[],"meta":{},"tags":[]},{"ancestorTitles":["AC5: Member response excludes sensitive data"],"fullName":"AC5: Member response excludes sensitive data returns seat usage info","status":"passed","title":"returns seat usage info","duration":2.180934999999863,"failureMessages":[],"meta":{},"tags":[]}],"startTime":1786531341085,"endTime":1786531341160.181,"status":"passed","message":"","name":"/home/aidenwu/Documents/careerpilot/src/app/api/organizations/[orgId]/members/members.test.ts"},{"assertionResults":[{"ancestorTitles":["AC1: Total consumption and remaining balance"],"fullName":"AC1: Total consumption and remaining balance returns total consumed and remaining balance","status":"passed","title":"returns total consumed and remaining balance","duration":24.502866999999924,"failureMessages":[],"meta":{},"tags":[]},{"ancestorTitles":["AC1: Total consumption and remaining balance"],"fullName":"AC1: Total consumption and remaining balance respects time range filter","status":"passed","title":"respects time range filter","duration":7.958147000000054,"failureMessages":[],"meta":{},"tags":[]},{"ancestorTitles":["AC1: Total consumption and remaining balance"],"fullName":"AC1: Total consumption and remaining balance returns 400 for invalid time range","status":"passed","title":"returns 400 for invalid time range","duration":4.365874000000076,"failureMessages":[],"meta":{},"tags":[]},{"ancestorTitles":["AC1: Total consumption and remaining balance"],"fullName":"AC1: Total consumption and remaining balance super admin can access org usage","status":"passed","title":"super admin can access org usage","duration":5.5531049999999595,"failureMessages":[],"meta":{},"tags":[]},{"ancestorTitles":["AC2: Member and model aggregation consistency"],"fullName":"AC2: Member and model aggregation consistency aggregates consumption by member","status":"passed","title":"aggregates consumption by member","duration":9.781596000000036,"failureMessages":[],"meta":{},"tags":[]},{"ancestorTitles":["AC2: Member and model aggregation consistency"],"fullName":"AC2: Member and model aggregation consistency aggregates attempts by model","status":"passed","title":"aggregates attempts by model","duration":12.254566000000068,"failureMessages":[],"meta":{},"tags":[]},{"ancestorTitles":["AC2: Member and model aggregation consistency"],"fullName":"AC2: Member and model aggregation consistency member + model totals are consistent with ledger","status":"passed","title":"member + model totals are consistent with ledger","duration":6.690931999999975,"failureMessages":[],"meta":{},"tags":[]},{"ancestorTitles":["AC2: Member and model aggregation consistency"],"fullName":"AC2: Member and model aggregation consistency supports pagination on member usage","status":"passed","title":"supports pagination on member usage","duration":6.638529000000062,"failureMessages":[],"meta":{},"tags":[]},{"ancestorTitles":["AC3: Cross-org tenant isolation"],"fullName":"AC3: Cross-org tenant isolation org1 admin cannot read org2 usage","status":"passed","title":"org1 admin cannot read org2 usage","duration":5.275624999999991,"failureMessages":[],"meta":{},"tags":[]},{"ancestorTitles":["AC3: Cross-org tenant isolation"],"fullName":"AC3: Cross-org tenant isolation org admin calling different orgId gets no data","status":"passed","title":"org admin calling different orgId gets no data","duration":7.153600999999981,"failureMessages":[],"meta":{},"tags":[]},{"ancestorTitles":["AC3: Cross-org tenant isolation"],"fullName":"AC3: Cross-org tenant isolation non-member user gets 403","status":"passed","title":"non-member user gets 403","duration":3.710831999999982,"failureMessages":[],"meta":{},"tags":[]},{"ancestorTitles":["AC3: Cross-org tenant isolation"],"fullName":"AC3: Cross-org tenant isolation unauthenticated gets 401","status":"passed","title":"unauthenticated gets 401","duration":3.1509849999999915,"failureMessages":[],"meta":{},"tags":[]},{"ancestorTitles":["AC3: Cross-org tenant isolation"],"fullName":"AC3: Cross-org tenant isolation regular member (not org_admin) gets 403","status":"passed","title":"regular member (not org_admin) gets 403","duration":7.216591000000108,"failureMessages":[],"meta":{},"tags":[]},{"ancestorTitles":["AC4: Response excludes sensitive data"],"fullName":"AC4: Response excludes sensitive data response does not contain prompts, resume text, or credentials","status":"passed","title":"response does not contain prompts, resume text, or credentials","duration":11.270334000000048,"failureMessages":[],"meta":{},"tags":[]},{"ancestorTitles":["AC4: Response excludes sensitive data"],"fullName":"AC4: Response excludes sensitive data byMember entries only contain email, name, and counts","status":"passed","title":"byMember entries only contain email, name, and counts","duration":5.020361999999977,"failureMessages":[],"meta":{},"tags":[]},{"ancestorTitles":["AC4: Response excludes sensitive data"],"fullName":"AC4: Response excludes sensitive data byModel entries only contain modelId, displayName, and counts","status":"passed","title":"byModel entries only contain modelId, displayName, and counts","duration":4.00425099999984,"failureMessages":[],"meta":{},"tags":[]},{"ancestorTitles":["AC5: Empty period returns zero totals"],"fullName":"AC5: Empty period returns zero totals returns zero totals for org with no consumption","status":"passed","title":"returns zero totals for org with no consumption","duration":3.4756029999998646,"failureMessages":[],"meta":{},"tags":[]},{"ancestorTitles":["AC5: Empty period returns zero totals"],"fullName":"AC5: Empty period returns zero totals returns empty when time range excludes all consumption","status":"passed","title":"returns empty when time range excludes all consumption","duration":3.932446000000027,"failureMessages":[],"meta":{},"tags":[]}],"startTime":1786531339536,"endTime":1786531339668.9324,"status":"passed","message":"","name":"/home/aidenwu/Documents/careerpilot/src/app/api/organizations/[orgId]/usage/usage.test.ts"}]}